[ 2018-04-10T21:19:19+08:00 ] 127.0.0.1 /project7/app20140315/index.php?m=install&c=index&a=index
INFO: [ app_begin ] --START--
INFO: Run Behavior\ReadHtmlCacheBehavior [ RunTime:0.000912s ]
INFO: Run \Common\Behavior\SettingBehavior [ RunTime:0.001946s ]
INFO: [ app_begin ] --END-- [ RunTime:0.003513s ]
INFO: [ view_parse ] --START--
INFO: [ template_filter ] --START--
INFO: Run Behavior\ContentReplaceBehavior [ RunTime:0.000040s ]
INFO: [ template_filter ] --END-- [ RunTime:0.000105s ]
INFO: Run Behavior\ParseTemplateBehavior [ RunTime:0.103312s ]
INFO: [ view_parse ] --END-- [ RunTime:0.103370s ]
INFO: [ view_filter ] --START--
INFO: Run Behavior\WriteHtmlCacheBehavior [ RunTime:0.000944s ]
INFO: [ view_filter ] --END-- [ RunTime:0.000984s ]
INFO: [ app_end ] --START--
INFO: Run Behavior\ShowPageTraceBehavior [ RunTime:0.001202s ]
INFO: [ app_end ] --END-- [ RunTime:0.001234s ]

[ 2018-04-10T21:19:19+08:00 ] 127.0.0.1 /project7/app20140315/index.php?m=install&c=index&a=check
INFO: [ app_begin ] --START--
INFO: Run Behavior\ReadHtmlCacheBehavior [ RunTime:0.001121s ]
INFO: Run \Common\Behavior\SettingBehavior [ RunTime:0.001836s ]
INFO: [ app_begin ] --END-- [ RunTime:0.003643s ]

[ 2018-04-10T21:19:19+08:00 ] 127.0.0.1 /project7/app20140315/index.php?m=install&c=index&a=check
INFO: [ app_begin ] --START--
INFO: Run Behavior\ReadHtmlCacheBehavior [ RunTime:0.001037s ]
INFO: Run \Common\Behavior\SettingBehavior [ RunTime:0.001759s ]
INFO: [ app_begin ] --END-- [ RunTime:0.003472s ]

[ 2018-04-10T21:19:19+08:00 ] 127.0.0.1 /project7/app20140315/index.php?m=install&c=index&a=check
INFO: [ app_begin ] --START--
INFO: Run Behavior\ReadHtmlCacheBehavior [ RunTime:0.001075s ]
INFO: Run \Common\Behavior\SettingBehavior [ RunTime:0.001793s ]
INFO: [ app_begin ] --END-- [ RunTime:0.003472s ]

[ 2018-04-10T21:19:19+08:00 ] 127.0.0.1 /project7/app20140315/index.php?m=install&c=index&a=check
INFO: [ app_begin ] --START--
INFO: Run Behavior\ReadHtmlCacheBehavior [ RunTime:0.001164s ]
INFO: Run \Common\Behavior\SettingBehavior [ RunTime:0.002034s ]
INFO: [ app_begin ] --END-- [ RunTime:0.003817s ]

[ 2018-04-10T21:19:19+08:00 ] 127.0.0.1 /project7/app20140315/index.php?m=install&c=index&a=check
INFO: [ app_begin ] --START--
INFO: Run Behavior\ReadHtmlCacheBehavior [ RunTime:0.001085s ]
INFO: Run \Common\Behavior\SettingBehavior [ RunTime:0.002338s ]
INFO: [ app_begin ] --END-- [ RunTime:0.004028s ]

[ 2018-04-10T21:19:19+08:00 ] 127.0.0.1 /project7/app20140315/index.php?m=install&c=index&a=check
INFO: [ app_begin ] --START--
INFO: Run Behavior\ReadHtmlCacheBehavior [ RunTime:0.001501s ]
INFO: Run \Common\Behavior\SettingBehavior [ RunTime:0.001836s ]
INFO: [ app_begin ] --END-- [ RunTime:0.004077s ]

[ 2018-04-10T21:19:19+08:00 ] 127.0.0.1 /project7/app20140315/index.php?m=install&c=index&a=check
INFO: [ app_begin ] --START--
INFO: Run Behavior\ReadHtmlCacheBehavior [ RunTime:0.001111s ]
INFO: Run \Common\Behavior\SettingBehavior [ RunTime:0.001837s ]
INFO: [ app_begin ] --END-- [ RunTime:0.003988s ]

[ 2018-04-10T21:19:19+08:00 ] 127.0.0.1 /project7/app20140315/index.php?m=install&c=index&a=check
INFO: [ app_begin ] --START--
INFO: Run Behavior\ReadHtmlCacheBehavior [ RunTime:0.001007s ]
INFO: Run \Common\Behavior\SettingBehavior [ RunTime:0.001902s ]
INFO: [ app_begin ] --END-- [ RunTime:0.003550s ]

[ 2018-04-10T21:19:19+08:00 ] 127.0.0.1 /project7/app20140315/index.php?m=install&c=index&a=check
INFO: [ app_begin ] --START--
INFO: Run Behavior\ReadHtmlCacheBehavior [ RunTime:0.001065s ]
INFO: Run \Common\Behavior\SettingBehavior [ RunTime:0.002006s ]
INFO: [ app_begin ] --END-- [ RunTime:0.003812s ]

[ 2018-04-10T21:19:19+08:00 ] 127.0.0.1 /project7/app20140315/index.php?m=install&c=index&a=check
INFO: [ app_begin ] --START--
INFO: Run Behavior\ReadHtmlCacheBehavior [ RunTime:0.001006s ]
INFO: Run \Common\Behavior\SettingBehavior [ RunTime:0.001733s ]
INFO: [ app_begin ] --END-- [ RunTime:0.003429s ]

[ 2018-04-10T21:19:22+08:00 ] 127.0.0.1 /project7/app20140315/index.php?m=install&c=index&a=index
INFO: [ app_begin ] --START--
INFO: Run Behavior\ReadHtmlCacheBehavior [ RunTime:0.001069s ]
INFO: Run \Common\Behavior\SettingBehavior [ RunTime:0.002012s ]
INFO: [ app_begin ] --END-- [ RunTime:0.003728s ]
INFO: [ view_parse ] --START--
INFO: [ template_filter ] --START--
INFO: Run Behavior\ContentReplaceBehavior [ RunTime:0.000056s ]
INFO: [ template_filter ] --END-- [ RunTime:0.000115s ]
INFO: Run Behavior\ParseTemplateBehavior [ RunTime:0.008738s ]
INFO: [ view_parse ] --END-- [ RunTime:0.008778s ]
INFO: [ view_filter ] --START--
INFO: Run Behavior\WriteHtmlCacheBehavior [ RunTime:0.000864s ]
INFO: [ view_filter ] --END-- [ RunTime:0.000892s ]
INFO: [ app_end ] --START--
INFO: Run Behavior\ShowPageTraceBehavior [ RunTime:0.001124s ]
INFO: [ app_end ] --END-- [ RunTime:0.001157s ]

[ 2018-04-10T21:19:28+08:00 ] 127.0.0.1 /project7/app20140315/index.php?m=install&c=index&a=index
INFO: [ app_begin ] --START--
INFO: Run Behavior\ReadHtmlCacheBehavior [ RunTime:0.004020s ]
INFO: Run \Common\Behavior\SettingBehavior [ RunTime:0.001896s ]
INFO: [ app_begin ] --END-- [ RunTime:0.007276s ]
INFO: [ view_parse ] --START--
INFO: [ template_filter ] --START--
INFO: Run Behavior\ContentReplaceBehavior [ RunTime:0.000141s ]
INFO: [ template_filter ] --END-- [ RunTime:0.000339s ]
INFO: Run Behavior\ParseTemplateBehavior [ RunTime:0.011136s ]
INFO: [ view_parse ] --END-- [ RunTime:0.011229s ]
INFO: [ view_filter ] --START--
INFO: Run Behavior\WriteHtmlCacheBehavior [ RunTime:0.001042s ]
INFO: [ view_filter ] --END-- [ RunTime:0.001075s ]
INFO: [ app_end ] --START--
INFO: Run Behavior\ShowPageTraceBehavior [ RunTime:0.001054s ]
INFO: [ app_end ] --END-- [ RunTime:0.001088s ]

[ 2018-04-10T21:19:28+08:00 ] 127.0.0.1 /project7/app20140315/index.php?m=install&c=index&a=check
INFO: [ app_begin ] --START--
INFO: Run Behavior\ReadHtmlCacheBehavior [ RunTime:0.000978s ]
INFO: Run \Common\Behavior\SettingBehavior [ RunTime:0.001765s ]
INFO: [ app_begin ] --END-- [ RunTime:0.003341s ]

[ 2018-04-10T21:19:28+08:00 ] 127.0.0.1 /project7/app20140315/index.php?m=install&c=index&a=check
INFO: [ app_begin ] --START--
INFO: Run Behavior\ReadHtmlCacheBehavior [ RunTime:0.001104s ]
INFO: Run \Common\Behavior\SettingBehavior [ RunTime:0.001899s ]
INFO: [ app_begin ] --END-- [ RunTime:0.003741s ]

[ 2018-04-10T21:19:28+08:00 ] 127.0.0.1 /project7/app20140315/index.php?m=install&c=index&a=check
INFO: [ app_begin ] --START--
INFO: Run Behavior\ReadHtmlCacheBehavior [ RunTime:0.000985s ]
INFO: Run \Common\Behavior\SettingBehavior [ RunTime:0.001856s ]
INFO: [ app_begin ] --END-- [ RunTime:0.003436s ]

[ 2018-04-10T21:19:28+08:00 ] 127.0.0.1 /project7/app20140315/index.php?m=install&c=index&a=check
INFO: [ app_begin ] --START--
INFO: Run Behavior\ReadHtmlCacheBehavior [ RunTime:0.001369s ]
INFO: Run \Common\Behavior\SettingBehavior [ RunTime:0.002168s ]
INFO: [ app_begin ] --END-- [ RunTime:0.004399s ]

[ 2018-04-10T21:19:28+08:00 ] 127.0.0.1 /project7/app20140315/index.php?m=install&c=index&a=check
INFO: [ app_begin ] --START--
INFO: Run Behavior\ReadHtmlCacheBehavior [ RunTime:0.001454s ]
INFO: Run \Common\Behavior\SettingBehavior [ RunTime:0.001839s ]
INFO: [ app_begin ] --END-- [ RunTime:0.003923s ]

[ 2018-04-10T21:19:28+08:00 ] 127.0.0.1 /project7/app20140315/index.php?m=install&c=index&a=check
INFO: [ app_begin ] --START--
INFO: Run Behavior\ReadHtmlCacheBehavior [ RunTime:0.001066s ]
INFO: Run \Common\Behavior\SettingBehavior [ RunTime:0.001746s ]
INFO: [ app_begin ] --END-- [ RunTime:0.003419s ]

[ 2018-04-10T21:19:28+08:00 ] 127.0.0.1 /project7/app20140315/index.php?m=install&c=index&a=check
INFO: [ app_begin ] --START--
INFO: Run Behavior\ReadHtmlCacheBehavior [ RunTime:0.001051s ]
INFO: Run \Common\Behavior\SettingBehavior [ RunTime:0.001919s ]
INFO: [ app_begin ] --END-- [ RunTime:0.003628s ]

[ 2018-04-10T21:19:28+08:00 ] 127.0.0.1 /project7/app20140315/index.php?m=install&c=index&a=check
INFO: [ app_begin ] --START--
INFO: Run Behavior\ReadHtmlCacheBehavior [ RunTime:0.001150s ]
INFO: Run \Common\Behavior\SettingBehavior [ RunTime:0.002362s ]
INFO: [ app_begin ] --END-- [ RunTime:0.004190s ]

[ 2018-04-10T21:19:28+08:00 ] 127.0.0.1 /project7/app20140315/index.php?m=install&c=index&a=check
INFO: [ app_begin ] --START--
INFO: Run Behavior\ReadHtmlCacheBehavior [ RunTime:0.001529s ]
INFO: Run \Common\Behavior\SettingBehavior [ RunTime:0.002163s ]
INFO: [ app_begin ] --END-- [ RunTime:0.004804s ]

[ 2018-04-10T21:19:28+08:00 ] 127.0.0.1 /project7/app20140315/index.php?m=install&c=index&a=check
INFO: [ app_begin ] --START--
INFO: Run Behavior\ReadHtmlCacheBehavior [ RunTime:0.001063s ]
INFO: Run \Common\Behavior\SettingBehavior [ RunTime:0.001749s ]
INFO: [ app_begin ] --END-- [ RunTime:0.003408s ]

[ 2018-04-10T21:19:51+08:00 ] 127.0.0.1 /project7/app20140315/index.php?m=install&c=index&a=index
INFO: [ app_begin ] --START--
INFO: Run Behavior\ReadHtmlCacheBehavior [ RunTime:0.001167s ]
INFO: Run \Common\Behavior\SettingBehavior [ RunTime:0.001970s ]
INFO: [ app_begin ] --END-- [ RunTime:0.003917s ]
INFO: [ view_parse ] --START--
INFO: [ template_filter ] --START--
INFO: Run Behavior\ContentReplaceBehavior [ RunTime:0.000039s ]
INFO: [ template_filter ] --END-- [ RunTime:0.000076s ]
INFO: Run Behavior\ParseTemplateBehavior [ RunTime:0.007540s ]
INFO: [ view_parse ] --END-- [ RunTime:0.007581s ]
INFO: [ view_filter ] --START--
INFO: Run Behavior\WriteHtmlCacheBehavior [ RunTime:0.000854s ]
INFO: [ view_filter ] --END-- [ RunTime:0.000884s ]
INFO: [ app_end ] --START--
INFO: Run Behavior\ShowPageTraceBehavior [ RunTime:0.001101s ]
INFO: [ app_end ] --END-- [ RunTime:0.001134s ]

[ 2018-04-10T21:19:51+08:00 ] 127.0.0.1 /project7/app20140315/index.php?m=install&c=index&a=check
INFO: [ app_begin ] --START--
INFO: Run Behavior\ReadHtmlCacheBehavior [ RunTime:0.001219s ]
INFO: Run \Common\Behavior\SettingBehavior [ RunTime:0.001943s ]
INFO: [ app_begin ] --END-- [ RunTime:0.006018s ]

[ 2018-04-10T21:19:51+08:00 ] 127.0.0.1 /project7/app20140315/index.php?m=install&c=index&a=check
INFO: [ app_begin ] --START--
INFO: Run Behavior\ReadHtmlCacheBehavior [ RunTime:0.001046s ]
INFO: Run \Common\Behavior\SettingBehavior [ RunTime:0.001744s ]
INFO: [ app_begin ] --END-- [ RunTime:0.003372s ]

[ 2018-04-10T21:19:51+08:00 ] 127.0.0.1 /project7/app20140315/index.php?m=install&c=index&a=check
INFO: [ app_begin ] --START--
INFO: Run Behavior\ReadHtmlCacheBehavior [ RunTime:0.001004s ]
INFO: Run \Common\Behavior\SettingBehavior [ RunTime:0.002120s ]
INFO: [ app_begin ] --END-- [ RunTime:0.003740s ]

[ 2018-04-10T21:19:51+08:00 ] 127.0.0.1 /project7/app20140315/index.php?m=install&c=index&a=check
INFO: [ app_begin ] --START--
INFO: Run Behavior\ReadHtmlCacheBehavior [ RunTime:0.001663s ]
INFO: Run \Common\Behavior\SettingBehavior [ RunTime:0.001976s ]
INFO: [ app_begin ] --END-- [ RunTime:0.004388s ]

[ 2018-04-10T21:19:51+08:00 ] 127.0.0.1 /project7/app20140315/index.php?m=install&c=index&a=check
INFO: [ app_begin ] --START--
INFO: Run Behavior\ReadHtmlCacheBehavior [ RunTime:0.001065s ]
INFO: Run \Common\Behavior\SettingBehavior [ RunTime:0.001748s ]
INFO: [ app_begin ] --END-- [ RunTime:0.003467s ]

[ 2018-04-10T21:19:51+08:00 ] 127.0.0.1 /project7/app20140315/index.php?m=install&c=index&a=check
INFO: [ app_begin ] --START--
INFO: Run Behavior\ReadHtmlCacheBehavior [ RunTime:0.001197s ]
INFO: Run \Common\Behavior\SettingBehavior [ RunTime:0.001899s ]
INFO: [ app_begin ] --END-- [ RunTime:0.003807s ]

[ 2018-04-10T21:19:52+08:00 ] 127.0.0.1 /project7/app20140315/index.php?m=install&c=index&a=check
INFO: [ app_begin ] --START--
INFO: Run Behavior\ReadHtmlCacheBehavior [ RunTime:0.001092s ]
INFO: Run \Common\Behavior\SettingBehavior [ RunTime:0.001927s ]
INFO: [ app_begin ] --END-- [ RunTime:0.003696s ]

[ 2018-04-10T21:19:52+08:00 ] 127.0.0.1 /project7/app20140315/index.php?m=install&c=index&a=check
INFO: [ app_begin ] --START--
INFO: Run Behavior\ReadHtmlCacheBehavior [ RunTime:0.001003s ]
INFO: Run \Common\Behavior\SettingBehavior [ RunTime:0.001857s ]
INFO: [ app_begin ] --END-- [ RunTime:0.003449s ]

[ 2018-04-10T21:19:52+08:00 ] 127.0.0.1 /project7/app20140315/index.php?m=install&c=index&a=check
INFO: [ app_begin ] --START--
INFO: Run Behavior\ReadHtmlCacheBehavior [ RunTime:0.001070s ]
INFO: Run \Common\Behavior\SettingBehavior [ RunTime:0.002132s ]
INFO: [ app_begin ] --END-- [ RunTime:0.003885s ]

[ 2018-04-10T21:19:52+08:00 ] 127.0.0.1 /project7/app20140315/index.php?m=install&c=index&a=check
INFO: [ app_begin ] --START--
INFO: Run Behavior\ReadHtmlCacheBehavior [ RunTime:0.001442s ]
INFO: Run \Common\Behavior\SettingBehavior [ RunTime:0.001996s ]
INFO: [ app_begin ] --END-- [ RunTime:0.004094s ]

[ 2018-04-10T21:19:53+08:00 ] 127.0.0.1 /project7/app20140315/index.php?m=install&c=index&a=index
INFO: [ app_begin ] --START--
INFO: Run Behavior\ReadHtmlCacheBehavior [ RunTime:0.001002s ]
INFO: Run \Common\Behavior\SettingBehavior [ RunTime:0.002007s ]
INFO: [ app_begin ] --END-- [ RunTime:0.003669s ]
INFO: [ view_parse ] --START--
INFO: [ template_filter ] --START--
INFO: Run Behavior\ContentReplaceBehavior [ RunTime:0.000049s ]
INFO: [ template_filter ] --END-- [ RunTime:0.000087s ]
INFO: Run Behavior\ParseTemplateBehavior [ RunTime:0.008407s ]
INFO: [ view_parse ] --END-- [ RunTime:0.008446s ]
INFO: [ view_filter ] --START--
INFO: Run Behavior\WriteHtmlCacheBehavior [ RunTime:0.001443s ]
INFO: [ view_filter ] --END-- [ RunTime:0.001492s ]
INFO: [ app_end ] --START--
INFO: Run Behavior\ShowPageTraceBehavior [ RunTime:0.001013s ]
INFO: [ app_end ] --END-- [ RunTime:0.001045s ]

[ 2018-04-10T21:20:51+08:00 ] 127.0.0.1 /project7/app20140315/index.php?m=install&c=index&a=index
INFO: [ app_begin ] --START--
INFO: Run Behavior\ReadHtmlCacheBehavior [ RunTime:0.000901s ]
INFO: Run \Common\Behavior\SettingBehavior [ RunTime:0.002158s ]
INFO: [ app_begin ] --END-- [ RunTime:0.003636s ]
INFO: [ view_parse ] --START--
INFO: [ template_filter ] --START--
INFO: Run Behavior\ContentReplaceBehavior [ RunTime:0.000038s ]
INFO: [ template_filter ] --END-- [ RunTime:0.000076s ]
INFO: Run Behavior\ParseTemplateBehavior [ RunTime:0.007758s ]
INFO: [ view_parse ] --END-- [ RunTime:0.007798s ]
INFO: [ view_filter ] --START--
INFO: Run Behavior\WriteHtmlCacheBehavior [ RunTime:0.000758s ]
INFO: [ view_filter ] --END-- [ RunTime:0.000786s ]
INFO: [ app_end ] --START--
INFO: Run Behavior\ShowPageTraceBehavior [ RunTime:0.000901s ]
INFO: [ app_end ] --END-- [ RunTime:0.000931s ]

[ 2018-04-10T21:20:51+08:00 ] 127.0.0.1 /project7/app20140315/index.php?m=install&c=index&a=check
INFO: [ app_begin ] --START--
INFO: Run Behavior\ReadHtmlCacheBehavior [ RunTime:0.001410s ]
INFO: Run \Common\Behavior\SettingBehavior [ RunTime:0.001804s ]
INFO: [ app_begin ] --END-- [ RunTime:0.004201s ]

[ 2018-04-10T21:20:51+08:00 ] 127.0.0.1 /project7/app20140315/index.php?m=install&c=index&a=check
INFO: [ app_begin ] --START--
INFO: Run Behavior\ReadHtmlCacheBehavior [ RunTime:0.000862s ]
INFO: Run \Common\Behavior\SettingBehavior [ RunTime:0.001581s ]
INFO: [ app_begin ] --END-- [ RunTime:0.002961s ]

[ 2018-04-10T21:20:51+08:00 ] 127.0.0.1 /project7/app20140315/index.php?m=install&c=index&a=check
INFO: [ app_begin ] --START--
INFO: Run Behavior\ReadHtmlCacheBehavior [ RunTime:0.000986s ]
INFO: Run \Common\Behavior\SettingBehavior [ RunTime:0.001845s ]
INFO: [ app_begin ] --END-- [ RunTime:0.003412s ]

[ 2018-04-10T21:20:51+08:00 ] 127.0.0.1 /project7/app20140315/index.php?m=install&c=index&a=check
INFO: [ app_begin ] --START--
INFO: Run Behavior\ReadHtmlCacheBehavior [ RunTime:0.000881s ]
INFO: Run \Common\Behavior\SettingBehavior [ RunTime:0.001590s ]
INFO: [ app_begin ] --END-- [ RunTime:0.002992s ]

[ 2018-04-10T21:20:51+08:00 ] 127.0.0.1 /project7/app20140315/index.php?m=install&c=index&a=check
INFO: [ app_begin ] --START--
INFO: Run Behavior\ReadHtmlCacheBehavior [ RunTime:0.000853s ]
INFO: Run \Common\Behavior\SettingBehavior [ RunTime:0.001611s ]
INFO: [ app_begin ] --END-- [ RunTime:0.002964s ]

[ 2018-04-10T21:20:51+08:00 ] 127.0.0.1 /project7/app20140315/index.php?m=install&c=index&a=check
INFO: [ app_begin ] --START--
INFO: Run Behavior\ReadHtmlCacheBehavior [ RunTime:0.000896s ]
INFO: Run \Common\Behavior\SettingBehavior [ RunTime:0.001751s ]
INFO: [ app_begin ] --END-- [ RunTime:0.003208s ]

[ 2018-04-10T21:20:51+08:00 ] 127.0.0.1 /project7/app20140315/index.php?m=install&c=index&a=check
INFO: [ app_begin ] --START--
INFO: Run Behavior\ReadHtmlCacheBehavior [ RunTime:0.001017s ]
INFO: Run \Common\Behavior\SettingBehavior [ RunTime:0.001831s ]
INFO: [ app_begin ] --END-- [ RunTime:0.003490s ]

[ 2018-04-10T21:20:51+08:00 ] 127.0.0.1 /project7/app20140315/index.php?m=install&c=index&a=check
INFO: [ app_begin ] --START--
INFO: Run Behavior\ReadHtmlCacheBehavior [ RunTime:0.001288s ]
INFO: Run \Common\Behavior\SettingBehavior [ RunTime:0.002007s ]
INFO: [ app_begin ] --END-- [ RunTime:0.003973s ]

[ 2018-04-10T21:20:51+08:00 ] 127.0.0.1 /project7/app20140315/index.php?m=install&c=index&a=check
INFO: [ app_begin ] --START--
INFO: Run Behavior\ReadHtmlCacheBehavior [ RunTime:0.000930s ]
INFO: Run \Common\Behavior\SettingBehavior [ RunTime:0.002386s ]
INFO: [ app_begin ] --END-- [ RunTime:0.003904s ]

[ 2018-04-10T21:20:51+08:00 ] 127.0.0.1 /project7/app20140315/index.php?m=install&c=index&a=check
INFO: [ app_begin ] --START--
INFO: Run Behavior\ReadHtmlCacheBehavior [ RunTime:0.000928s ]
INFO: Run \Common\Behavior\SettingBehavior [ RunTime:0.001907s ]
INFO: [ app_begin ] --END-- [ RunTime:0.003409s ]

[ 2018-04-10T21:20:52+08:00 ] 127.0.0.1 /project7/app20140315/index.php?m=install&c=index&a=index
INFO: [ app_begin ] --START--
INFO: Run Behavior\ReadHtmlCacheBehavior [ RunTime:0.000906s ]
INFO: Run \Common\Behavior\SettingBehavior [ RunTime:0.001636s ]
INFO: [ app_begin ] --END-- [ RunTime:0.003077s ]
INFO: [ view_parse ] --START--
INFO: [ template_filter ] --START--
INFO: Run Behavior\ContentReplaceBehavior [ RunTime:0.000039s ]
INFO: [ template_filter ] --END-- [ RunTime:0.000080s ]
INFO: Run Behavior\ParseTemplateBehavior [ RunTime:0.008615s ]
INFO: [ view_parse ] --END-- [ RunTime:0.008653s ]
INFO: [ view_filter ] --START--
INFO: Run Behavior\WriteHtmlCacheBehavior [ RunTime:0.000819s ]
INFO: [ view_filter ] --END-- [ RunTime:0.000847s ]
INFO: [ app_end ] --START--
INFO: Run Behavior\ShowPageTraceBehavior [ RunTime:0.000982s ]
INFO: [ app_end ] --END-- [ RunTime:0.001014s ]

[ 2018-04-10T21:20:52+08:00 ] 127.0.0.1 /project7/app20140315/index.php?m=install&c=index&a=check
INFO: [ app_begin ] --START--
INFO: Run Behavior\ReadHtmlCacheBehavior [ RunTime:0.000948s ]
INFO: Run \Common\Behavior\SettingBehavior [ RunTime:0.002442s ]
INFO: [ app_begin ] --END-- [ RunTime:0.004155s ]

[ 2018-04-10T21:20:52+08:00 ] 127.0.0.1 /project7/app20140315/index.php?m=install&c=index&a=check
INFO: [ app_begin ] --START--
INFO: Run Behavior\ReadHtmlCacheBehavior [ RunTime:0.000900s ]
INFO: Run \Common\Behavior\SettingBehavior [ RunTime:0.001626s ]
INFO: [ app_begin ] --END-- [ RunTime:0.003078s ]

[ 2018-04-10T21:20:52+08:00 ] 127.0.0.1 /project7/app20140315/index.php?m=install&c=index&a=check
INFO: [ app_begin ] --START--
INFO: Run Behavior\ReadHtmlCacheBehavior [ RunTime:0.001002s ]
INFO: Run \Common\Behavior\SettingBehavior [ RunTime:0.001729s ]
INFO: [ app_begin ] --END-- [ RunTime:0.003272s ]

[ 2018-04-10T21:20:52+08:00 ] 127.0.0.1 /project7/app20140315/index.php?m=install&c=index&a=check
INFO: [ app_begin ] --START--
INFO: Run Behavior\ReadHtmlCacheBehavior [ RunTime:0.000922s ]
INFO: Run \Common\Behavior\SettingBehavior [ RunTime:0.001716s ]
INFO: [ app_begin ] --END-- [ RunTime:0.003187s ]

[ 2018-04-10T21:20:52+08:00 ] 127.0.0.1 /project7/app20140315/index.php?m=install&c=index&a=check
INFO: [ app_begin ] --START--
INFO: Run Behavior\ReadHtmlCacheBehavior [ RunTime:0.000897s ]
INFO: Run \Common\Behavior\SettingBehavior [ RunTime:0.001658s ]
INFO: [ app_begin ] --END-- [ RunTime:0.003104s ]

[ 2018-04-10T21:20:52+08:00 ] 127.0.0.1 /project7/app20140315/index.php?m=install&c=index&a=check
INFO: [ app_begin ] --START--
INFO: Run Behavior\ReadHtmlCacheBehavior [ RunTime:0.000908s ]
INFO: Run \Common\Behavior\SettingBehavior [ RunTime:0.001620s ]
INFO: [ app_begin ] --END-- [ RunTime:0.003066s ]

[ 2018-04-10T21:20:52+08:00 ] 127.0.0.1 /project7/app20140315/index.php?m=install&c=index&a=check
INFO: [ app_begin ] --START--
INFO: Run Behavior\ReadHtmlCacheBehavior [ RunTime:0.000944s ]
INFO: Run \Common\Behavior\SettingBehavior [ RunTime:0.001911s ]
INFO: [ app_begin ] --END-- [ RunTime:0.003503s ]

[ 2018-04-10T21:20:52+08:00 ] 127.0.0.1 /project7/app20140315/index.php?m=install&c=index&a=check
INFO: [ app_begin ] --START--
INFO: Run Behavior\ReadHtmlCacheBehavior [ RunTime:0.000873s ]
INFO: Run \Common\Behavior\SettingBehavior [ RunTime:0.001576s ]
INFO: [ app_begin ] --END-- [ RunTime:0.002981s ]

[ 2018-04-10T21:20:52+08:00 ] 127.0.0.1 /project7/app20140315/index.php?m=install&c=index&a=check
INFO: [ app_begin ] --START--
INFO: Run Behavior\ReadHtmlCacheBehavior [ RunTime:0.000884s ]
INFO: Run \Common\Behavior\SettingBehavior [ RunTime:0.001557s ]
INFO: [ app_begin ] --END-- [ RunTime:0.002985s ]

[ 2018-04-10T21:20:52+08:00 ] 127.0.0.1 /project7/app20140315/index.php?m=install&c=index&a=check
INFO: [ app_begin ] --START--
INFO: Run Behavior\ReadHtmlCacheBehavior [ RunTime:0.000987s ]
INFO: Run \Common\Behavior\SettingBehavior [ RunTime:0.001625s ]
INFO: [ app_begin ] --END-- [ RunTime:0.003508s ]

[ 2018-04-10T21:20:53+08:00 ] 127.0.0.1 /project7/app20140315/index.php?m=install&c=index&a=index
INFO: [ app_begin ] --START--
INFO: Run Behavior\ReadHtmlCacheBehavior [ RunTime:0.000948s ]
INFO: Run \Common\Behavior\SettingBehavior [ RunTime:0.001664s ]
INFO: [ app_begin ] --END-- [ RunTime:0.003172s ]
INFO: [ view_parse ] --START--
INFO: [ template_filter ] --START--
INFO: Run Behavior\ContentReplaceBehavior [ RunTime:0.000049s ]
INFO: [ template_filter ] --END-- [ RunTime:0.000089s ]
INFO: Run Behavior\ParseTemplateBehavior [ RunTime:0.007977s ]
INFO: [ view_parse ] --END-- [ RunTime:0.008020s ]
INFO: [ view_filter ] --START--
INFO: Run Behavior\WriteHtmlCacheBehavior [ RunTime:0.000738s ]
INFO: [ view_filter ] --END-- [ RunTime:0.000767s ]
INFO: [ app_end ] --START--
INFO: Run Behavior\ShowPageTraceBehavior [ RunTime:0.000938s ]
INFO: [ app_end ] --END-- [ RunTime:0.000970s ]

[ 2018-04-10T21:21:23+08:00 ] 127.0.0.1 /project7/app20140315/index.php?m=install&c=index&a=dbtest&dbhost=127.0.0.1&dbport=3306&dbuser=mm111111&dbpw=111111&dbname=app2&tablepre=app2_&sid=2.154540707359602
INFO: [ app_begin ] --START--
INFO: Run Behavior\ReadHtmlCacheBehavior [ RunTime:0.000908s ]
INFO: Run \Common\Behavior\SettingBehavior [ RunTime:0.001658s ]
INFO: [ app_begin ] --END-- [ RunTime:0.003100s ]
NOTIC: [8192] mysql_connect(): The mysql extension is deprecated and will be removed in the future: use mysqli or PDO instead E:\web\chao\project7\app20140315\App\Install\Controller\IndexController.class.php 第 95 行.

[ 2018-04-10T21:21:23+08:00 ] 127.0.0.1 /project7/app20140315/index.php?m=install&c=index&a=index
INFO: [ app_begin ] --START--
INFO: Run Behavior\ReadHtmlCacheBehavior [ RunTime:0.000999s ]
INFO: Run \Common\Behavior\SettingBehavior [ RunTime:0.001719s ]
INFO: [ app_begin ] --END-- [ RunTime:0.003324s ]
INFO: [ view_parse ] --START--
INFO: [ template_filter ] --START--
INFO: Run Behavior\ContentReplaceBehavior [ RunTime:0.000047s ]
INFO: [ template_filter ] --END-- [ RunTime:0.000090s ]
INFO: Run Behavior\ParseTemplateBehavior [ RunTime:0.088158s ]
INFO: [ view_parse ] --END-- [ RunTime:0.088216s ]
INFO: [ view_filter ] --START--
INFO: Run Behavior\WriteHtmlCacheBehavior [ RunTime:0.000788s ]
INFO: [ view_filter ] --END-- [ RunTime:0.000829s ]
INFO: [ app_end ] --START--
INFO: Run Behavior\ShowPageTraceBehavior [ RunTime:0.001906s ]
INFO: [ app_end ] --END-- [ RunTime:0.001983s ]

[ 2018-04-10T21:21:24+08:00 ] 127.0.0.1 /project7/app20140315/index.php?m=install&c=index&a=install
INFO: [ app_begin ] --START--
INFO: Run Behavior\ReadHtmlCacheBehavior [ RunTime:0.000959s ]
INFO: Run \Common\Behavior\SettingBehavior [ RunTime:0.001704s ]
INFO: [ app_begin ] --END-- [ RunTime:0.003312s ]
NOTIC: [8192] mysql_connect(): The mysql extension is deprecated and will be removed in the future: use mysqli or PDO instead E:\web\chao\project7\app20140315\App\Install\Controller\IndexController.class.php 第 114 行.

[ 2018-04-10T21:21:26+08:00 ] 127.0.0.1 /project7/app20140315/index.php?m=install&c=index&a=index
INFO: [ app_begin ] --START--
INFO: Run Behavior\ReadHtmlCacheBehavior [ RunTime:0.000961s ]
INFO: Run \Common\Behavior\SettingBehavior [ RunTime:0.001808s ]
INFO: [ app_begin ] --END-- [ RunTime:0.003278s ]
INFO: [ view_parse ] --START--
INFO: [ template_filter ] --START--
INFO: Run Behavior\ContentReplaceBehavior [ RunTime:0.000035s ]
INFO: [ template_filter ] --END-- [ RunTime:0.000076s ]
INFO: Run Behavior\ParseTemplateBehavior [ RunTime:0.007164s ]
INFO: [ view_parse ] --END-- [ RunTime:0.007206s ]
INFO: [ view_filter ] --START--
INFO: Run Behavior\WriteHtmlCacheBehavior [ RunTime:0.000826s ]
INFO: [ view_filter ] --END-- [ RunTime:0.000857s ]
INFO: [ app_end ] --START--
INFO: Run Behavior\ShowPageTraceBehavior [ RunTime:0.000929s ]
INFO: [ app_end ] --END-- [ RunTime:0.000961s ]

[ 2018-04-10T21:21:28+08:00 ] 127.0.0.1 /project7/app20140315/index.php?m=admin&c=index&a=index
INFO: [ app_begin ] --START--
INFO: Run Behavior\ReadHtmlCacheBehavior [ RunTime:0.000841s ]
SQL: SHOW COLUMNS FROM `app2_setting` [ RunTime:0.003255s ]
SQL: SELECT `key`,`value` FROM `app2_setting`  [ RunTime:0.000226s ]
NOTIC: [2] unlink(E:\web\chao\project7\app20140315\Public\Runtime\Temp/71df8fced343b2a8ba67c00a47a67b50.php): No such file or directory E:\web\chao\project7\app20140315\Libs\ThinkPHP\Library\Think\Cache\Driver\File.class.php 第 157 行.
INFO: Run \Common\Behavior\SettingBehavior [ RunTime:0.024425s ]
INFO: [ app_begin ] --END-- [ RunTime:0.025809s ]
INFO: [ view_parse ] --START--
INFO: [ template_filter ] --START--
INFO: Run Behavior\ContentReplaceBehavior [ RunTime:0.000043s ]
INFO: [ template_filter ] --END-- [ RunTime:0.000079s ]
INFO: Run Behavior\ParseTemplateBehavior [ RunTime:0.007441s ]
INFO: [ view_parse ] --END-- [ RunTime:0.007494s ]
INFO: [ view_filter ] --START--
INFO: Run Behavior\WriteHtmlCacheBehavior [ RunTime:0.000665s ]
INFO: [ view_filter ] --END-- [ RunTime:0.000694s ]

[ 2018-04-10T21:21:30+08:00 ] 127.0.0.1 /project7/app20140315/index.php?m=admin&c=index&a=login
INFO: [ app_begin ] --START--
INFO: Run Behavior\ReadHtmlCacheBehavior [ RunTime:0.000907s ]
SQL: SHOW COLUMNS FROM `app2_setting` [ RunTime:0.004151s ]
SQL: SELECT `key`,`value` FROM `app2_setting`  [ RunTime:0.000301s ]
NOTIC: [2] unlink(E:\web\chao\project7\app20140315\Public\Runtime\Temp/71df8fced343b2a8ba67c00a47a67b50.php): No such file or directory E:\web\chao\project7\app20140315\Libs\ThinkPHP\Library\Think\Cache\Driver\File.class.php 第 157 行.
INFO: Run \Common\Behavior\SettingBehavior [ RunTime:0.024858s ]
INFO: [ app_begin ] --END-- [ RunTime:0.026301s ]
INFO: [ view_parse ] --START--
INFO: [ template_filter ] --START--
INFO: Run Behavior\ContentReplaceBehavior [ RunTime:0.000048s ]
INFO: [ template_filter ] --END-- [ RunTime:0.000083s ]
INFO: Run Behavior\ParseTemplateBehavior [ RunTime:0.007422s ]
INFO: [ view_parse ] --END-- [ RunTime:0.007459s ]
INFO: [ view_filter ] --START--
INFO: Run Behavior\WriteHtmlCacheBehavior [ RunTime:0.000817s ]
INFO: [ view_filter ] --END-- [ RunTime:0.000845s ]
INFO: [ app_end ] --START--
INFO: Run Behavior\ShowPageTraceBehavior [ RunTime:0.000970s ]
INFO: [ app_end ] --END-- [ RunTime:0.001003s ]

[ 2018-04-10T21:21:30+08:00 ] 127.0.0.1 /project7/app20140315/index.php?m=admin&c=index&a=code&code_len=4&font_size=14&width=100&height=28&code=1523366490
INFO: [ app_begin ] --START--
INFO: Run Behavior\ReadHtmlCacheBehavior [ RunTime:0.001293s ]
SQL: SHOW COLUMNS FROM `app2_setting` [ RunTime:0.093595s ]
SQL: SELECT `key`,`value` FROM `app2_setting`  [ RunTime:0.000331s ]
NOTIC: [2] unlink(E:\web\chao\project7\app20140315\Public\Runtime\Temp/71df8fced343b2a8ba67c00a47a67b50.php): No such file or directory E:\web\chao\project7\app20140315\Libs\ThinkPHP\Library\Think\Cache\Driver\File.class.php 第 157 行.
INFO: Run \Common\Behavior\SettingBehavior [ RunTime:0.105463s ]
INFO: [ app_begin ] --END-- [ RunTime:0.107464s ]
INFO: [ app_end ] --START--
INFO: Run Behavior\ShowPageTraceBehavior [ RunTime:0.001874s ]
INFO: [ app_end ] --END-- [ RunTime:0.001956s ]

[ 2018-04-10T21:21:41+08:00 ] 127.0.0.1 /project7/app20140315/index.php?m=admin&c=index&a=code&code_len=4&font_size=14&width=100&height=28&code=1523366490&0.8626991282184179
INFO: [ app_begin ] --START--
INFO: Run Behavior\ReadHtmlCacheBehavior [ RunTime:0.001080s ]
SQL: SHOW COLUMNS FROM `app2_setting` [ RunTime:0.003937s ]
SQL: SELECT `key`,`value` FROM `app2_setting`  [ RunTime:0.000219s ]
NOTIC: [2] unlink(E:\web\chao\project7\app20140315\Public\Runtime\Temp/71df8fced343b2a8ba67c00a47a67b50.php): No such file or directory E:\web\chao\project7\app20140315\Libs\ThinkPHP\Library\Think\Cache\Driver\File.class.php 第 157 行.
INFO: Run \Common\Behavior\SettingBehavior [ RunTime:0.025249s ]
INFO: [ app_begin ] --END-- [ RunTime:0.026914s ]
INFO: [ app_end ] --START--
INFO: Run Behavior\ShowPageTraceBehavior [ RunTime:0.001204s ]
INFO: [ app_end ] --END-- [ RunTime:0.001264s ]

[ 2018-04-10T21:21:44+08:00 ] 127.0.0.1 /project7/app20140315/index.php?m=admin&c=index&a=login&dosubmit=1
INFO: [ app_begin ] --START--
INFO: Run Behavior\ReadHtmlCacheBehavior [ RunTime:0.001035s ]
SQL: SHOW COLUMNS FROM `app2_setting` [ RunTime:0.006911s ]
SQL: SELECT `key`,`value` FROM `app2_setting`  [ RunTime:0.000236s ]
NOTIC: [2] unlink(E:\web\chao\project7\app20140315\Public\Runtime\Temp/71df8fced343b2a8ba67c00a47a67b50.php): No such file or directory E:\web\chao\project7\app20140315\Libs\ThinkPHP\Library\Think\Cache\Driver\File.class.php 第 157 行.
INFO: Run \Common\Behavior\SettingBehavior [ RunTime:0.028671s ]
INFO: [ app_begin ] --END-- [ RunTime:0.030285s ]
SQL: SHOW COLUMNS FROM `app2_admin` [ RunTime:0.031281s ]

[ 2018-04-10T21:21:44+08:00 ] 127.0.0.1 /project7/app20140315/index.php?m=admin&c=index&a=code&code_len=4&font_size=14&width=100&height=28&code=1523366490&0.8626991282184179&0.5705556455307337
INFO: [ app_begin ] --START--
INFO: Run Behavior\ReadHtmlCacheBehavior [ RunTime:0.000929s ]
SQL: SHOW COLUMNS FROM `app2_setting` [ RunTime:0.004507s ]
SQL: SELECT `key`,`value` FROM `app2_setting`  [ RunTime:0.000260s ]
NOTIC: [2] unlink(E:\web\chao\project7\app20140315\Public\Runtime\Temp/71df8fced343b2a8ba67c00a47a67b50.php): No such file or directory E:\web\chao\project7\app20140315\Libs\ThinkPHP\Library\Think\Cache\Driver\File.class.php 第 157 行.
INFO: Run \Common\Behavior\SettingBehavior [ RunTime:0.015362s ]
INFO: [ app_begin ] --END-- [ RunTime:0.016901s ]
INFO: [ app_end ] --START--
INFO: Run Behavior\ShowPageTraceBehavior [ RunTime:0.000948s ]
INFO: [ app_end ] --END-- [ RunTime:0.000991s ]

[ 2018-04-10T21:21:51+08:00 ] 127.0.0.1 /project7/app20140315/index.php?m=admin&c=index&a=login&dosubmit=1
INFO: [ app_begin ] --START--
INFO: Run Behavior\ReadHtmlCacheBehavior [ RunTime:0.001046s ]
SQL: SHOW COLUMNS FROM `app2_setting` [ RunTime:0.002743s ]
SQL: SELECT `key`,`value` FROM `app2_setting`  [ RunTime:0.000194s ]
NOTIC: [2] unlink(E:\web\chao\project7\app20140315\Public\Runtime\Temp/71df8fced343b2a8ba67c00a47a67b50.php): No such file or directory E:\web\chao\project7\app20140315\Libs\ThinkPHP\Library\Think\Cache\Driver\File.class.php 第 157 行.
INFO: Run \Common\Behavior\SettingBehavior [ RunTime:0.023635s ]
INFO: [ app_begin ] --END-- [ RunTime:0.025255s ]
SQL: SHOW COLUMNS FROM `app2_admin` [ RunTime:0.003222s ]

[ 2018-04-10T21:21:51+08:00 ] 127.0.0.1 /project7/app20140315/index.php?m=admin&c=index&a=code&code_len=4&font_size=14&width=100&height=28&code=1523366490&0.8626991282184179&0.5705556455307337&0.6407650629231553
INFO: [ app_begin ] --START--
INFO: Run Behavior\ReadHtmlCacheBehavior [ RunTime:0.001001s ]
SQL: SHOW COLUMNS FROM `app2_setting` [ RunTime:0.005157s ]
SQL: SELECT `key`,`value` FROM `app2_setting`  [ RunTime:0.000256s ]
NOTIC: [2] unlink(E:\web\chao\project7\app20140315\Public\Runtime\Temp/71df8fced343b2a8ba67c00a47a67b50.php): No such file or directory E:\web\chao\project7\app20140315\Libs\ThinkPHP\Library\Think\Cache\Driver\File.class.php 第 157 行.
INFO: Run \Common\Behavior\SettingBehavior [ RunTime:0.027549s ]
INFO: [ app_begin ] --END-- [ RunTime:0.029145s ]
INFO: [ app_end ] --START--
INFO: Run Behavior\ShowPageTraceBehavior [ RunTime:0.000915s ]
INFO: [ app_end ] --END-- [ RunTime:0.000961s ]

[ 2018-04-10T21:21:53+08:00 ] 127.0.0.1 /project7/app20140315/index.php?m=admin&c=index&a=code&code_len=4&font_size=14&width=100&height=28&code=1523366490&0.8626991282184179&0.5705556455307337&0.6407650629231553&0.7138365262918062
INFO: [ app_begin ] --START--
INFO: Run Behavior\ReadHtmlCacheBehavior [ RunTime:0.000954s ]
SQL: SHOW COLUMNS FROM `app2_setting` [ RunTime:0.003137s ]
SQL: SELECT `key`,`value` FROM `app2_setting`  [ RunTime:0.000240s ]
NOTIC: [2] unlink(E:\web\chao\project7\app20140315\Public\Runtime\Temp/71df8fced343b2a8ba67c00a47a67b50.php): No such file or directory E:\web\chao\project7\app20140315\Libs\ThinkPHP\Library\Think\Cache\Driver\File.class.php 第 157 行.
INFO: Run \Common\Behavior\SettingBehavior [ RunTime:0.014422s ]
INFO: [ app_begin ] --END-- [ RunTime:0.015932s ]
INFO: [ app_end ] --START--
INFO: Run Behavior\ShowPageTraceBehavior [ RunTime:0.000924s ]
INFO: [ app_end ] --END-- [ RunTime:0.000976s ]

[ 2018-04-10T21:21:54+08:00 ] 127.0.0.1 /project7/app20140315/index.php?m=admin&c=index&a=code&code_len=4&font_size=14&width=100&height=28&code=1523366490&0.8626991282184179&0.5705556455307337&0.6407650629231553&0.7138365262918062
INFO: [ app_begin ] --START--
INFO: Run Behavior\ReadHtmlCacheBehavior [ RunTime:0.000956s ]
SQL: SHOW COLUMNS FROM `app2_setting` [ RunTime:0.003955s ]
SQL: SELECT `key`,`value` FROM `app2_setting`  [ RunTime:0.000315s ]
NOTIC: [2] unlink(E:\web\chao\project7\app20140315\Public\Runtime\Temp/71df8fced343b2a8ba67c00a47a67b50.php): No such file or directory E:\web\chao\project7\app20140315\Libs\ThinkPHP\Library\Think\Cache\Driver\File.class.php 第 157 行.
INFO: Run \Common\Behavior\SettingBehavior [ RunTime:0.014999s ]
INFO: [ app_begin ] --END-- [ RunTime:0.016559s ]
INFO: [ app_end ] --START--
INFO: Run Behavior\ShowPageTraceBehavior [ RunTime:0.000939s ]
INFO: [ app_end ] --END-- [ RunTime:0.000995s ]

[ 2018-04-10T21:21:55+08:00 ] 127.0.0.1 /project7/app20140315/index.php?m=admin&c=index&a=code&code_len=4&font_size=14&width=100&height=28&code=1523366490&0.8626991282184179&0.5705556455307337&0.6407650629231553&0.7138365262918062&0.11455023137494125
INFO: [ app_begin ] --START--
INFO: Run Behavior\ReadHtmlCacheBehavior [ RunTime:0.000887s ]
SQL: SHOW COLUMNS FROM `app2_setting` [ RunTime:0.003154s ]
SQL: SELECT `key`,`value` FROM `app2_setting`  [ RunTime:0.000258s ]
NOTIC: [2] unlink(E:\web\chao\project7\app20140315\Public\Runtime\Temp/71df8fced343b2a8ba67c00a47a67b50.php): No such file or directory E:\web\chao\project7\app20140315\Libs\ThinkPHP\Library\Think\Cache\Driver\File.class.php 第 157 行.
INFO: Run \Common\Behavior\SettingBehavior [ RunTime:0.023717s ]
INFO: [ app_begin ] --END-- [ RunTime:0.025150s ]
INFO: [ app_end ] --START--
INFO: Run Behavior\ShowPageTraceBehavior [ RunTime:0.001006s ]
INFO: [ app_end ] --END-- [ RunTime:0.001058s ]

[ 2018-04-10T21:21:56+08:00 ] 127.0.0.1 /project7/app20140315/index.php?m=admin&c=index&a=code&code_len=4&font_size=14&width=100&height=28&code=1523366490&0.8626991282184179&0.5705556455307337&0.6407650629231553&0.7138365262918062&0.11455023137494125&0.32963632408619137
INFO: [ app_begin ] --START--
INFO: Run Behavior\ReadHtmlCacheBehavior [ RunTime:0.000968s ]
SQL: SHOW COLUMNS FROM `app2_setting` [ RunTime:0.002799s ]
SQL: SELECT `key`,`value` FROM `app2_setting`  [ RunTime:0.000209s ]
NOTIC: [2] unlink(E:\web\chao\project7\app20140315\Public\Runtime\Temp/71df8fced343b2a8ba67c00a47a67b50.php): No such file or directory E:\web\chao\project7\app20140315\Libs\ThinkPHP\Library\Think\Cache\Driver\File.class.php 第 157 行.
INFO: Run \Common\Behavior\SettingBehavior [ RunTime:0.013524s ]
INFO: [ app_begin ] --END-- [ RunTime:0.015107s ]
INFO: [ app_end ] --START--
INFO: Run Behavior\ShowPageTraceBehavior [ RunTime:0.000913s ]
INFO: [ app_end ] --END-- [ RunTime:0.000968s ]

[ 2018-04-10T21:21:59+08:00 ] 127.0.0.1 /project7/app20140315/index.php?m=admin&c=index&a=login&dosubmit=1
INFO: [ app_begin ] --START--
INFO: Run Behavior\ReadHtmlCacheBehavior [ RunTime:0.001531s ]
SQL: SHOW COLUMNS FROM `app2_setting` [ RunTime:0.002909s ]
SQL: SELECT `key`,`value` FROM `app2_setting`  [ RunTime:0.000278s ]
NOTIC: [2] unlink(E:\web\chao\project7\app20140315\Public\Runtime\Temp/71df8fced343b2a8ba67c00a47a67b50.php): No such file or directory E:\web\chao\project7\app20140315\Libs\ThinkPHP\Library\Think\Cache\Driver\File.class.php 第 157 行.
INFO: Run \Common\Behavior\SettingBehavior [ RunTime:0.014351s ]
INFO: [ app_begin ] --END-- [ RunTime:0.017046s ]
SQL: SHOW COLUMNS FROM `app2_admin` [ RunTime:0.003378s ]
SQL: SHOW COLUMNS FROM `app2_times` [ RunTime:0.005917s ]
SQL: SELECT * FROM `app2_admin` WHERE ( `username` = 'twp584' ) LIMIT 1   [ RunTime:0.000440s ]
SQL: SELECT * FROM `app2_times` WHERE ( `username` = 'twp584' ) AND ( `isadmin` = 1 ) LIMIT 1   [ RunTime:0.000288s ]
SQL: DELETE FROM `app2_times` WHERE ( `username` = 'twp584' ) [ RunTime:0.000369s ]
SQL: UPDATE `app2_admin` SET `lastloginip`='127.0.0.1',`lastlogintime`=1523366519 WHERE ( `userid` = 1 ) [ RunTime:0.000308s ]

[ 2018-04-10T21:21:59+08:00 ] 127.0.0.1 /project7/app20140315/index.php?m=admin&c=index&a=index
INFO: [ app_begin ] --START--
INFO: Run Behavior\ReadHtmlCacheBehavior [ RunTime:0.000990s ]
SQL: SHOW COLUMNS FROM `app2_setting` [ RunTime:0.003060s ]
SQL: SELECT `key`,`value` FROM `app2_setting`  [ RunTime:0.000224s ]
NOTIC: [2] unlink(E:\web\chao\project7\app20140315\Public\Runtime\Temp/71df8fced343b2a8ba67c00a47a67b50.php): No such file or directory E:\web\chao\project7\app20140315\Libs\ThinkPHP\Library\Think\Cache\Driver\File.class.php 第 157 行.
INFO: Run \Common\Behavior\SettingBehavior [ RunTime:0.016474s ]
INFO: [ app_begin ] --END-- [ RunTime:0.018077s ]
SQL: SHOW COLUMNS FROM `app2_admin` [ RunTime:0.003310s ]
SQL: SHOW COLUMNS FROM `app2_menu` [ RunTime:0.002830s ]
SQL: SHOW COLUMNS FROM `app2_admin_role` [ RunTime:0.002709s ]
SQL: SELECT `userid`,`username`,`roleid`,`encrypt`,`lastloginip`,`lastlogintime`,`email`,`realname` FROM `app2_admin` WHERE ( `userid` = 1 ) LIMIT 1   [ RunTime:0.000326s ]
SQL: SELECT `rolename` FROM `app2_admin_role` WHERE ( `roleid` = 1 ) LIMIT 1   [ RunTime:0.000245s ]
SQL: SELECT * FROM `app2_menu` WHERE ( `parentid` = 0 ) AND ( `display` = 1 ) ORDER BY listorder ASC LIMIT 1000   [ RunTime:0.000366s ]
INFO: [ view_parse ] --START--
INFO: [ template_filter ] --START--
INFO: Run Behavior\ContentReplaceBehavior [ RunTime:0.000060s ]
INFO: [ template_filter ] --END-- [ RunTime:0.000101s ]
INFO: Run Behavior\ParseTemplateBehavior [ RunTime:0.010869s ]
INFO: [ view_parse ] --END-- [ RunTime:0.010911s ]
INFO: [ view_filter ] --START--
INFO: Run Behavior\WriteHtmlCacheBehavior [ RunTime:0.000755s ]
INFO: [ view_filter ] --END-- [ RunTime:0.000787s ]
INFO: [ app_end ] --START--
INFO: Run Behavior\ShowPageTraceBehavior [ RunTime:0.000971s ]
INFO: [ app_end ] --END-- [ RunTime:0.001010s ]

[ 2018-04-10T21:22:00+08:00 ] 127.0.0.1 /project7/app20140315/index.php?m=admin&c=index&a=public_main&_=1523366519982
INFO: [ app_begin ] --START--
INFO: Run Behavior\ReadHtmlCacheBehavior [ RunTime:0.001409s ]
SQL: SHOW COLUMNS FROM `app2_setting` [ RunTime:0.021520s ]
SQL: SELECT `key`,`value` FROM `app2_setting`  [ RunTime:0.000421s ]
NOTIC: [2] unlink(E:\web\chao\project7\app20140315\Public\Runtime\Temp/71df8fced343b2a8ba67c00a47a67b50.php): No such file or directory E:\web\chao\project7\app20140315\Libs\ThinkPHP\Library\Think\Cache\Driver\File.class.php 第 157 行.
INFO: Run \Common\Behavior\SettingBehavior [ RunTime:0.035814s ]
INFO: [ app_begin ] --END-- [ RunTime:0.038069s ]
SQL: SHOW COLUMNS FROM `app2_admin` [ RunTime:0.003660s ]
SQL: SHOW COLUMNS FROM `app2_admin_role` [ RunTime:0.005198s ]
SQL: SELECT `userid`,`username`,`roleid`,`encrypt`,`lastloginip`,`lastlogintime`,`email`,`realname` FROM `app2_admin` WHERE ( `userid` = 1 ) LIMIT 1   [ RunTime:0.000326s ]
SQL: SELECT `rolename` FROM `app2_admin_role` WHERE ( `roleid` = 1 ) LIMIT 1   [ RunTime:0.000243s ]
NOTIC: [8192] Non-static method Admin\Common\Sysinfo::getinfo() should not be called statically, assuming $this from incompatible context E:\web\chao\project7\app20140315\App\Admin\Controller\IndexController.class.php 第 111 行.
NOTIC: [8192] Non-static method Admin\Common\Sysinfo::sys_windows() should not be called statically, assuming $this from incompatible context E:\web\chao\project7\app20140315\App\Admin\Common\Sysinfo.class.php 第 19 行.
NOTIC: [8] Undefined index: memUsed E:\web\chao\project7\app20140315\App\Admin\Common\Sysinfo.class.php 第 25 行.
NOTIC: [8] Undefined index: memFree E:\web\chao\project7\app20140315\App\Admin\Common\Sysinfo.class.php 第 25 行.
NOTIC: [8] Undefined index: memPercent E:\web\chao\project7\app20140315\App\Admin\Common\Sysinfo.class.php 第 25 行.
NOTIC: [8] Undefined index: memCached E:\web\chao\project7\app20140315\App\Admin\Common\Sysinfo.class.php 第 25 行.
NOTIC: [8] Undefined index: memRealPercent E:\web\chao\project7\app20140315\App\Admin\Common\Sysinfo.class.php 第 25 行.
NOTIC: [8] Undefined index: memCachedPercent E:\web\chao\project7\app20140315\App\Admin\Common\Sysinfo.class.php 第 25 行.
NOTIC: [8] Undefined index: swapTotal E:\web\chao\project7\app20140315\App\Admin\Common\Sysinfo.class.php 第 25 行.
NOTIC: [8] Undefined index: swapUsed E:\web\chao\project7\app20140315\App\Admin\Common\Sysinfo.class.php 第 25 行.
NOTIC: [8] Undefined index: swapFree E:\web\chao\project7\app20140315\App\Admin\Common\Sysinfo.class.php 第 25 行.
NOTIC: [8] Undefined index: swapPercent E:\web\chao\project7\app20140315\App\Admin\Common\Sysinfo.class.php 第 25 行.
NOTIC: [2] file(/proc/net/dev): failed to open stream: No such file or directory E:\web\chao\project7\app20140315\App\Admin\Common\Sysinfo.class.php 第 33 行.
NOTIC: [8] Undefined index: memBuffers E:\web\chao\project7\app20140315\App\Admin\Common\Sysinfo.class.php 第 53 行.
NOTIC: [8] Undefined index: memRealUsed E:\web\chao\project7\app20140315\App\Admin\Common\Sysinfo.class.php 第 58 行.
NOTIC: [8] Undefined index: memRealFree E:\web\chao\project7\app20140315\App\Admin\Common\Sysinfo.class.php 第 59 行.
NOTIC: [8] Undefined offset: 2 E:\web\chao\project7\app20140315\App\Admin\Common\Sysinfo.class.php 第 82 行.
NOTIC: [8] Undefined offset: 3 E:\web\chao\project7\app20140315\App\Admin\Common\Sysinfo.class.php 第 83 行.
NOTIC: [8] Undefined offset: 4 E:\web\chao\project7\app20140315\App\Admin\Common\Sysinfo.class.php 第 84 行.
NOTIC: [8] Undefined offset: 5 E:\web\chao\project7\app20140315\App\Admin\Common\Sysinfo.class.php 第 85 行.
NOTIC: [8] Undefined offset: 6 E:\web\chao\project7\app20140315\App\Admin\Common\Sysinfo.class.php 第 86 行.
NOTIC: [8] Undefined offset: 7 E:\web\chao\project7\app20140315\App\Admin\Common\Sysinfo.class.php 第 87 行.
NOTIC: [8] Undefined offset: 8 E:\web\chao\project7\app20140315\App\Admin\Common\Sysinfo.class.php 第 88 行.
NOTIC: [8] Undefined offset: 9 E:\web\chao\project7\app20140315\App\Admin\Common\Sysinfo.class.php 第 89 行.
NOTIC: [8] Undefined offset: 10 E:\web\chao\project7\app20140315\App\Admin\Common\Sysinfo.class.php 第 90 行.
NOTIC: [8] Undefined variable: NetInput E:\web\chao\project7\app20140315\App\Admin\Common\Sysinfo.class.php 第 91 行.
NOTIC: [8] Undefined variable: NetInput E:\web\chao\project7\app20140315\App\Admin\Common\Sysinfo.class.php 第 92 行.
NOTIC: [8] Undefined variable: NetInput E:\web\chao\project7\app20140315\App\Admin\Common\Sysinfo.class.php 第 93 行.
NOTIC: [8] Undefined variable: NetInput E:\web\chao\project7\app20140315\App\Admin\Common\Sysinfo.class.php 第 94 行.
NOTIC: [8] Undefined variable: NetInput E:\web\chao\project7\app20140315\App\Admin\Common\Sysinfo.class.php 第 95 行.
NOTIC: [8] Undefined variable: NetInput E:\web\chao\project7\app20140315\App\Admin\Common\Sysinfo.class.php 第 96 行.
NOTIC: [8] Undefined variable: NetInput E:\web\chao\project7\app20140315\App\Admin\Common\Sysinfo.class.php 第 97 行.
NOTIC: [8] Undefined variable: NetInput E:\web\chao\project7\app20140315\App\Admin\Common\Sysinfo.class.php 第 98 行.
NOTIC: [8] Undefined variable: NetInput E:\web\chao\project7\app20140315\App\Admin\Common\Sysinfo.class.php 第 99 行.
INFO: [ view_parse ] --START--
INFO: [ template_filter ] --START--
INFO: Run Behavior\ContentReplaceBehavior [ RunTime:0.000140s ]
INFO: [ template_filter ] --END-- [ RunTime:0.000285s ]
NOTIC: [8] Undefined index: win_n E:\web\chao\project7\app20140315\Public\Runtime\Cache\Admin\4be466b41029e9dcf16a54f1646a67f4.php 第 49 行.
INFO: Run Behavior\ParseTemplateBehavior [ RunTime:0.025729s ]
INFO: [ view_parse ] --END-- [ RunTime:0.026199s ]
INFO: [ view_filter ] --START--
INFO: Run Behavior\WriteHtmlCacheBehavior [ RunTime:0.004628s ]
INFO: [ view_filter ] --END-- [ RunTime:0.004924s ]
INFO: [ app_end ] --START--
INFO: Run Behavior\ShowPageTraceBehavior [ RunTime:0.001953s ]
INFO: [ app_end ] --END-- [ RunTime:0.002014s ]

[ 2018-04-10T21:22:00+08:00 ] 127.0.0.1 /project7/app20140315/index.php?m=admin&c=index&a=public_menuleft
INFO: [ app_begin ] --START--
INFO: Run Behavior\ReadHtmlCacheBehavior [ RunTime:0.001683s ]
SQL: SHOW COLUMNS FROM `app2_setting` [ RunTime:0.010866s ]
SQL: SELECT `key`,`value` FROM `app2_setting`  [ RunTime:0.000424s ]
NOTIC: [2] unlink(E:\web\chao\project7\app20140315\Public\Runtime\Temp/71df8fced343b2a8ba67c00a47a67b50.php): No such file or directory E:\web\chao\project7\app20140315\Libs\ThinkPHP\Library\Think\Cache\Driver\File.class.php 第 157 行.
INFO: Run \Common\Behavior\SettingBehavior [ RunTime:0.037722s ]
INFO: [ app_begin ] --END-- [ RunTime:0.040257s ]
SQL: SHOW COLUMNS FROM `app2_menu` [ RunTime:0.005241s ]
SQL: SELECT * FROM `app2_menu` WHERE ( `parentid` = 1 ) AND ( `display` = 1 ) ORDER BY listorder ASC LIMIT 1000   [ RunTime:0.003135s ]
SQL: SELECT * FROM `app2_menu` WHERE ( `parentid` = 6 ) AND ( `display` = 1 ) ORDER BY listorder ASC LIMIT 1000   [ RunTime:0.000641s ]

[ 2018-04-10T21:22:02+08:00 ] 127.0.0.1 /project7/app20140315/index.php?m=admin&c=admin&a=public_editinfo&menuid=8&_=1523366522000
INFO: [ app_begin ] --START--
INFO: Run Behavior\ReadHtmlCacheBehavior [ RunTime:0.002474s ]
SQL: SHOW COLUMNS FROM `app2_setting` [ RunTime:0.009888s ]
SQL: SELECT `key`,`value` FROM `app2_setting`  [ RunTime:0.000269s ]
NOTIC: [2] unlink(E:\web\chao\project7\app20140315\Public\Runtime\Temp/71df8fced343b2a8ba67c00a47a67b50.php): No such file or directory E:\web\chao\project7\app20140315\Libs\ThinkPHP\Library\Think\Cache\Driver\File.class.php 第 157 行.
INFO: Run \Common\Behavior\SettingBehavior [ RunTime:0.032561s ]
INFO: [ app_begin ] --END-- [ RunTime:0.035862s ]
SQL: SHOW COLUMNS FROM `app2_admin` [ RunTime:0.036586s ]
SQL: SHOW COLUMNS FROM `app2_menu` [ RunTime:0.002867s ]
SQL: SELECT * FROM `app2_menu` WHERE ( `id` = 8 ) LIMIT 1   [ RunTime:0.000337s ]
SQL: SELECT * FROM `app2_menu` WHERE ( `id` = 6 ) LIMIT 1   [ RunTime:0.000257s ]
SQL: SELECT * FROM `app2_menu` WHERE ( `id` = 1 ) LIMIT 1   [ RunTime:0.000249s ]
SQL: SELECT * FROM `app2_admin` WHERE ( `userid` = 1 ) LIMIT 1   [ RunTime:0.000232s ]
NOTIC: [8] Use of undefined constant currentpos - assumed 'currentpos' E:\web\chao\project7\app20140315\App\Admin\Controller\AdminController.class.php 第 31 行.
INFO: [ view_parse ] --START--
INFO: [ template_filter ] --START--
INFO: Run Behavior\ContentReplaceBehavior [ RunTime:0.000041s ]
INFO: [ template_filter ] --END-- [ RunTime:0.000079s ]
INFO: Run Behavior\ParseTemplateBehavior [ RunTime:0.007425s ]
INFO: [ view_parse ] --END-- [ RunTime:0.007460s ]
INFO: [ view_filter ] --START--
INFO: Run Behavior\WriteHtmlCacheBehavior [ RunTime:0.000811s ]
INFO: [ view_filter ] --END-- [ RunTime:0.000847s ]
INFO: [ app_end ] --START--
INFO: Run Behavior\ShowPageTraceBehavior [ RunTime:0.000847s ]
INFO: [ app_end ] --END-- [ RunTime:0.000874s ]

[ 2018-04-10T21:22:02+08:00 ] 127.0.0.1 /project7/app20140315/index.php?m=admin&c=index&a=public_menuleft
INFO: [ app_begin ] --START--
INFO: Run Behavior\ReadHtmlCacheBehavior [ RunTime:0.000890s ]
SQL: SHOW COLUMNS FROM `app2_setting` [ RunTime:0.002701s ]
SQL: SELECT `key`,`value` FROM `app2_setting`  [ RunTime:0.000489s ]
NOTIC: [2] unlink(E:\web\chao\project7\app20140315\Public\Runtime\Temp/71df8fced343b2a8ba67c00a47a67b50.php): No such file or directory E:\web\chao\project7\app20140315\Libs\ThinkPHP\Library\Think\Cache\Driver\File.class.php 第 157 行.
INFO: Run \Common\Behavior\SettingBehavior [ RunTime:0.014573s ]
INFO: [ app_begin ] --END-- [ RunTime:0.016308s ]
SQL: SHOW COLUMNS FROM `app2_menu` [ RunTime:0.003254s ]
SQL: SELECT * FROM `app2_menu` WHERE ( `parentid` = 2 ) AND ( `display` = 1 ) ORDER BY listorder ASC LIMIT 1000   [ RunTime:0.000357s ]
SQL: SELECT * FROM `app2_menu` WHERE ( `parentid` = 9 ) AND ( `display` = 1 ) ORDER BY listorder ASC LIMIT 1000   [ RunTime:0.000283s ]
SQL: SELECT * FROM `app2_menu` WHERE ( `parentid` = 11 ) AND ( `display` = 1 ) ORDER BY listorder ASC LIMIT 1000   [ RunTime:0.000292s ]

[ 2018-04-10T21:22:04+08:00 ] 127.0.0.1 /project7/app20140315/index.php?m=admin&c=index&a=public_menuleft
INFO: [ app_begin ] --START--
INFO: Run Behavior\ReadHtmlCacheBehavior [ RunTime:0.000901s ]
SQL: SHOW COLUMNS FROM `app2_setting` [ RunTime:0.002920s ]
SQL: SELECT `key`,`value` FROM `app2_setting`  [ RunTime:0.000207s ]
NOTIC: [2] unlink(E:\web\chao\project7\app20140315\Public\Runtime\Temp/71df8fced343b2a8ba67c00a47a67b50.php): No such file or directory E:\web\chao\project7\app20140315\Libs\ThinkPHP\Library\Think\Cache\Driver\File.class.php 第 157 行.
INFO: Run \Common\Behavior\SettingBehavior [ RunTime:0.024449s ]
INFO: [ app_begin ] --END-- [ RunTime:0.025951s ]
SQL: SHOW COLUMNS FROM `app2_menu` [ RunTime:0.003212s ]
SQL: SELECT * FROM `app2_menu` WHERE ( `parentid` = 3 ) AND ( `display` = 1 ) ORDER BY listorder ASC LIMIT 1000   [ RunTime:0.000355s ]
SQL: SELECT * FROM `app2_menu` WHERE ( `parentid` = 34 ) AND ( `display` = 1 ) ORDER BY listorder ASC LIMIT 1000   [ RunTime:0.000295s ]

[ 2018-04-10T21:22:04+08:00 ] 127.0.0.1 /project7/app20140315/index.php?m=admin&c=index&a=public_menuleft
INFO: [ app_begin ] --START--
INFO: Run Behavior\ReadHtmlCacheBehavior [ RunTime:0.000832s ]
SQL: SHOW COLUMNS FROM `app2_setting` [ RunTime:0.003296s ]
SQL: SELECT `key`,`value` FROM `app2_setting`  [ RunTime:0.000240s ]
NOTIC: [2] unlink(E:\web\chao\project7\app20140315\Public\Runtime\Temp/71df8fced343b2a8ba67c00a47a67b50.php): No such file or directory E:\web\chao\project7\app20140315\Libs\ThinkPHP\Library\Think\Cache\Driver\File.class.php 第 157 行.
INFO: Run \Common\Behavior\SettingBehavior [ RunTime:0.013851s ]
INFO: [ app_begin ] --END-- [ RunTime:0.015217s ]
SQL: SHOW COLUMNS FROM `app2_menu` [ RunTime:0.002920s ]
SQL: SELECT * FROM `app2_menu` WHERE ( `parentid` = 4 ) AND ( `display` = 1 ) ORDER BY listorder ASC LIMIT 1000   [ RunTime:0.000381s ]
SQL: SELECT * FROM `app2_menu` WHERE ( `parentid` = 42 ) AND ( `display` = 1 ) ORDER BY listorder ASC LIMIT 1000   [ RunTime:0.000320s ]

[ 2018-04-10T21:22:05+08:00 ] 127.0.0.1 /project7/app20140315/index.php?m=admin&c=index&a=public_menuleft
INFO: [ app_begin ] --START--
INFO: Run Behavior\ReadHtmlCacheBehavior [ RunTime:0.000904s ]
SQL: SHOW COLUMNS FROM `app2_setting` [ RunTime:0.004415s ]
SQL: SELECT `key`,`value` FROM `app2_setting`  [ RunTime:0.000263s ]
NOTIC: [2] unlink(E:\web\chao\project7\app20140315\Public\Runtime\Temp/71df8fced343b2a8ba67c00a47a67b50.php): No such file or directory E:\web\chao\project7\app20140315\Libs\ThinkPHP\Library\Think\Cache\Driver\File.class.php 第 157 行.
INFO: Run \Common\Behavior\SettingBehavior [ RunTime:0.028952s ]
INFO: [ app_begin ] --END-- [ RunTime:0.030478s ]
SQL: SHOW COLUMNS FROM `app2_menu` [ RunTime:0.003438s ]
SQL: SELECT * FROM `app2_menu` WHERE ( `parentid` = 5 ) AND ( `display` = 1 ) ORDER BY listorder ASC LIMIT 1000   [ RunTime:0.000631s ]
SQL: SELECT * FROM `app2_menu` WHERE ( `parentid` = 14 ) AND ( `display` = 1 ) ORDER BY listorder ASC LIMIT 1000   [ RunTime:0.000347s ]

[ 2018-04-10T21:22:06+08:00 ] 127.0.0.1 /project7/app20140315/index.php?m=admin&c=index&a=public_menuleft
INFO: [ app_begin ] --START--
INFO: Run Behavior\ReadHtmlCacheBehavior [ RunTime:0.001504s ]
SQL: SHOW COLUMNS FROM `app2_setting` [ RunTime:0.002841s ]
SQL: SELECT `key`,`value` FROM `app2_setting`  [ RunTime:0.000179s ]
NOTIC: [2] unlink(E:\web\chao\project7\app20140315\Public\Runtime\Temp/71df8fced343b2a8ba67c00a47a67b50.php): No such file or directory E:\web\chao\project7\app20140315\Libs\ThinkPHP\Library\Think\Cache\Driver\File.class.php 第 157 行.
INFO: Run \Common\Behavior\SettingBehavior [ RunTime:0.014147s ]
INFO: [ app_begin ] --END-- [ RunTime:0.016246s ]
SQL: SHOW COLUMNS FROM `app2_menu` [ RunTime:0.003230s ]
SQL: SELECT * FROM `app2_menu` WHERE ( `parentid` = 2 ) AND ( `display` = 1 ) ORDER BY listorder ASC LIMIT 1000   [ RunTime:0.000372s ]
SQL: SELECT * FROM `app2_menu` WHERE ( `parentid` = 9 ) AND ( `display` = 1 ) ORDER BY listorder ASC LIMIT 1000   [ RunTime:0.000265s ]
SQL: SELECT * FROM `app2_menu` WHERE ( `parentid` = 11 ) AND ( `display` = 1 ) ORDER BY listorder ASC LIMIT 1000   [ RunTime:0.000250s ]

[ 2018-04-10T21:22:07+08:00 ] 127.0.0.1 /project7/app20140315/index.php?m=admin&c=admin&a=memberlist&menuid=12&_=1523366527644
INFO: [ app_begin ] --START--
INFO: Run Behavior\ReadHtmlCacheBehavior [ RunTime:0.001001s ]
SQL: SHOW COLUMNS FROM `app2_setting` [ RunTime:0.092702s ]
SQL: SELECT `key`,`value` FROM `app2_setting`  [ RunTime:0.000227s ]
NOTIC: [2] unlink(E:\web\chao\project7\app20140315\Public\Runtime\Temp/71df8fced343b2a8ba67c00a47a67b50.php): No such file or directory E:\web\chao\project7\app20140315\Libs\ThinkPHP\Library\Think\Cache\Driver\File.class.php 第 157 行.
INFO: Run \Common\Behavior\SettingBehavior [ RunTime:0.103489s ]
INFO: [ app_begin ] --END-- [ RunTime:0.106663s ]
SQL: SHOW COLUMNS FROM `app2_menu` [ RunTime:0.002837s ]
SQL: SELECT * FROM `app2_menu` WHERE ( `id` = 12 ) LIMIT 1   [ RunTime:0.000283s ]
SQL: SELECT * FROM `app2_menu` WHERE ( `id` = 11 ) LIMIT 1   [ RunTime:0.000263s ]
SQL: SELECT * FROM `app2_menu` WHERE ( `id` = 2 ) LIMIT 1   [ RunTime:0.000289s ]
INFO: [ view_parse ] --START--
INFO: [ template_filter ] --START--
INFO: Run Behavior\ContentReplaceBehavior [ RunTime:0.000046s ]
INFO: [ template_filter ] --END-- [ RunTime:0.000082s ]
INFO: Run Behavior\ParseTemplateBehavior [ RunTime:0.008757s ]
INFO: [ view_parse ] --END-- [ RunTime:0.008819s ]
INFO: [ view_filter ] --START--
INFO: Run Behavior\WriteHtmlCacheBehavior [ RunTime:0.000670s ]
INFO: [ view_filter ] --END-- [ RunTime:0.000709s ]
INFO: [ app_end ] --START--
INFO: Run Behavior\ShowPageTraceBehavior [ RunTime:0.000830s ]
INFO: [ app_end ] --END-- [ RunTime:0.000859s ]

[ 2018-04-10T21:22:08+08:00 ] 127.0.0.1 /project7/app20140315/index.php?m=admin&c=admin&a=memberlist&grid=datagrid
INFO: [ app_begin ] --START--
INFO: Run Behavior\ReadHtmlCacheBehavior [ RunTime:0.001112s ]
SQL: SHOW COLUMNS FROM `app2_setting` [ RunTime:0.002904s ]
SQL: SELECT `key`,`value` FROM `app2_setting`  [ RunTime:0.000231s ]
NOTIC: [2] unlink(E:\web\chao\project7\app20140315\Public\Runtime\Temp/71df8fced343b2a8ba67c00a47a67b50.php): No such file or directory E:\web\chao\project7\app20140315\Libs\ThinkPHP\Library\Think\Cache\Driver\File.class.php 第 157 行.
INFO: Run \Common\Behavior\SettingBehavior [ RunTime:0.013992s ]
INFO: [ app_begin ] --END-- [ RunTime:0.015696s ]
SQL: SHOW COLUMNS FROM `app2_admin` [ RunTime:0.003127s ]
SQL: SELECT COUNT(*) AS tp_count FROM `app2_admin` LIMIT 1   [ RunTime:0.000247s ]
SQL: SHOW COLUMNS FROM `app2_admin` [ RunTime:0.002920s ]
SQL: SELECT A.userid,A.username,A.lastloginip,A.email,A.realname,AR.rolename,FROM_UNIXTIME(A.lastlogintime,'%Y-%m-%d %H:%i:%s') as lastlogintime FROM app2_admin A INNER JOIN app2_admin_role AR on AR.roleid = A.roleid  ORDER BY userid asc LIMIT 0,20   [ RunTime:0.000395s ]

[ 2018-04-10T21:22:09+08:00 ] 127.0.0.1 /project7/app20140315/index.php?m=admin&c=index&a=public_menuleft
INFO: [ app_begin ] --START--
INFO: Run Behavior\ReadHtmlCacheBehavior [ RunTime:0.000905s ]
SQL: SHOW COLUMNS FROM `app2_setting` [ RunTime:0.002872s ]
SQL: SELECT `key`,`value` FROM `app2_setting`  [ RunTime:0.000205s ]
NOTIC: [2] unlink(E:\web\chao\project7\app20140315\Public\Runtime\Temp/71df8fced343b2a8ba67c00a47a67b50.php): No such file or directory E:\web\chao\project7\app20140315\Libs\ThinkPHP\Library\Think\Cache\Driver\File.class.php 第 157 行.
INFO: Run \Common\Behavior\SettingBehavior [ RunTime:0.014184s ]
INFO: [ app_begin ] --END-- [ RunTime:0.015694s ]
SQL: SHOW COLUMNS FROM `app2_menu` [ RunTime:0.003328s ]
SQL: SELECT * FROM `app2_menu` WHERE ( `parentid` = 1 ) AND ( `display` = 1 ) ORDER BY listorder ASC LIMIT 1000   [ RunTime:0.000364s ]
SQL: SELECT * FROM `app2_menu` WHERE ( `parentid` = 6 ) AND ( `display` = 1 ) ORDER BY listorder ASC LIMIT 1000   [ RunTime:0.000312s ]

[ 2018-04-10T21:22:11+08:00 ] 127.0.0.1 /project7/app20140315/index.php?m=admin&c=index&a=public_menuleft
INFO: [ app_begin ] --START--
INFO: Run Behavior\ReadHtmlCacheBehavior [ RunTime:0.000962s ]
SQL: SHOW COLUMNS FROM `app2_setting` [ RunTime:0.002946s ]
SQL: SELECT `key`,`value` FROM `app2_setting`  [ RunTime:0.000225s ]
NOTIC: [2] unlink(E:\web\chao\project7\app20140315\Public\Runtime\Temp/71df8fced343b2a8ba67c00a47a67b50.php): No such file or directory E:\web\chao\project7\app20140315\Libs\ThinkPHP\Library\Think\Cache\Driver\File.class.php 第 157 行.
INFO: Run \Common\Behavior\SettingBehavior [ RunTime:0.023867s ]
INFO: [ app_begin ] --END-- [ RunTime:0.025689s ]
SQL: SHOW COLUMNS FROM `app2_menu` [ RunTime:0.003905s ]
SQL: SELECT * FROM `app2_menu` WHERE ( `parentid` = 2 ) AND ( `display` = 1 ) ORDER BY listorder ASC LIMIT 1000   [ RunTime:0.000584s ]
SQL: SELECT * FROM `app2_menu` WHERE ( `parentid` = 9 ) AND ( `display` = 1 ) ORDER BY listorder ASC LIMIT 1000   [ RunTime:0.000328s ]
SQL: SELECT * FROM `app2_menu` WHERE ( `parentid` = 11 ) AND ( `display` = 1 ) ORDER BY listorder ASC LIMIT 1000   [ RunTime:0.000335s ]

[ 2018-04-10T21:22:12+08:00 ] 127.0.0.1 /project7/app20140315/index.php?m=admin&c=index&a=public_menuleft
INFO: [ app_begin ] --START--
INFO: Run Behavior\ReadHtmlCacheBehavior [ RunTime:0.000863s ]
SQL: SHOW COLUMNS FROM `app2_setting` [ RunTime:0.002709s ]
SQL: SELECT `key`,`value` FROM `app2_setting`  [ RunTime:0.000264s ]
NOTIC: [2] unlink(E:\web\chao\project7\app20140315\Public\Runtime\Temp/71df8fced343b2a8ba67c00a47a67b50.php): No such file or directory E:\web\chao\project7\app20140315\Libs\ThinkPHP\Library\Think\Cache\Driver\File.class.php 第 157 行.
INFO: Run \Common\Behavior\SettingBehavior [ RunTime:0.017760s ]
INFO: [ app_begin ] --END-- [ RunTime:0.019201s ]
SQL: SHOW COLUMNS FROM `app2_menu` [ RunTime:0.003817s ]
SQL: SELECT * FROM `app2_menu` WHERE ( `parentid` = 3 ) AND ( `display` = 1 ) ORDER BY listorder ASC LIMIT 1000   [ RunTime:0.000358s ]
SQL: SELECT * FROM `app2_menu` WHERE ( `parentid` = 34 ) AND ( `display` = 1 ) ORDER BY listorder ASC LIMIT 1000   [ RunTime:0.000296s ]

[ 2018-04-10T21:22:14+08:00 ] 127.0.0.1 /project7/app20140315/index.php?m=admin&c=content&a=index&menuid=35&_=1523366534244
INFO: [ app_begin ] --START--
INFO: Run Behavior\ReadHtmlCacheBehavior [ RunTime:0.000855s ]
SQL: SHOW COLUMNS FROM `app2_setting` [ RunTime:0.002897s ]
SQL: SELECT `key`,`value` FROM `app2_setting`  [ RunTime:0.000243s ]
NOTIC: [2] unlink(E:\web\chao\project7\app20140315\Public\Runtime\Temp/71df8fced343b2a8ba67c00a47a67b50.php): No such file or directory E:\web\chao\project7\app20140315\Libs\ThinkPHP\Library\Think\Cache\Driver\File.class.php 第 157 行.
INFO: Run \Common\Behavior\SettingBehavior [ RunTime:0.015734s ]
INFO: [ app_begin ] --END-- [ RunTime:0.017157s ]
SQL: SHOW COLUMNS FROM `app2_menu` [ RunTime:0.003006s ]
SQL: SELECT * FROM `app2_menu` WHERE ( `id` = 35 ) LIMIT 1   [ RunTime:0.000311s ]
SQL: SELECT * FROM `app2_menu` WHERE ( `id` = 34 ) LIMIT 1   [ RunTime:0.000275s ]
SQL: SELECT * FROM `app2_menu` WHERE ( `id` = 3 ) LIMIT 1   [ RunTime:0.000270s ]
NOTIC: [8] Use of undefined constant currentpos - assumed 'currentpos' E:\web\chao\project7\app20140315\App\Admin\Controller\ContentController.class.php 第 47 行.
INFO: [ view_parse ] --START--
INFO: [ template_filter ] --START--
INFO: Run Behavior\ContentReplaceBehavior [ RunTime:0.000032s ]
INFO: [ template_filter ] --END-- [ RunTime:0.000069s ]
INFO: Run Behavior\ParseTemplateBehavior [ RunTime:0.008171s ]
INFO: [ view_parse ] --END-- [ RunTime:0.008206s ]
INFO: [ view_filter ] --START--
INFO: Run Behavior\WriteHtmlCacheBehavior [ RunTime:0.000706s ]
INFO: [ view_filter ] --END-- [ RunTime:0.000734s ]
INFO: [ app_end ] --START--
INFO: Run Behavior\ShowPageTraceBehavior [ RunTime:0.000881s ]
INFO: [ app_end ] --END-- [ RunTime:0.000922s ]

[ 2018-04-10T21:22:14+08:00 ] 127.0.0.1 /project7/app20140315/index.php?m=admin&c=content&a=public_right&_=1523366534312
INFO: [ app_begin ] --START--
INFO: Run Behavior\ReadHtmlCacheBehavior [ RunTime:0.001300s ]
SQL: SHOW COLUMNS FROM `app2_setting` [ RunTime:0.013376s ]
SQL: SELECT `key`,`value` FROM `app2_setting`  [ RunTime:0.000220s ]
NOTIC: [2] unlink(E:\web\chao\project7\app20140315\Public\Runtime\Temp/71df8fced343b2a8ba67c00a47a67b50.php): No such file or directory E:\web\chao\project7\app20140315\Libs\ThinkPHP\Library\Think\Cache\Driver\File.class.php 第 157 行.
INFO: Run \Common\Behavior\SettingBehavior [ RunTime:0.029159s ]
INFO: [ app_begin ] --END-- [ RunTime:0.031044s ]
INFO: [ view_parse ] --START--
INFO: [ template_filter ] --START--
INFO: Run Behavior\ContentReplaceBehavior [ RunTime:0.000096s ]
INFO: [ template_filter ] --END-- [ RunTime:0.000275s ]
INFO: Run Behavior\ParseTemplateBehavior [ RunTime:0.007537s ]
INFO: [ view_parse ] --END-- [ RunTime:0.007573s ]
INFO: [ view_filter ] --START--
INFO: Run Behavior\WriteHtmlCacheBehavior [ RunTime:0.000688s ]
INFO: [ view_filter ] --END-- [ RunTime:0.000714s ]
INFO: [ app_end ] --START--
INFO: Run Behavior\ShowPageTraceBehavior [ RunTime:0.000850s ]
INFO: [ app_end ] --END-- [ RunTime:0.000881s ]

[ 2018-04-10T21:22:14+08:00 ] 127.0.0.1 /project7/app20140315/index.php?m=admin&c=content&a=public_welcome&_=1523366534316
INFO: [ app_begin ] --START--
INFO: Run Behavior\ReadHtmlCacheBehavior [ RunTime:0.001571s ]
SQL: SHOW COLUMNS FROM `app2_setting` [ RunTime:0.005395s ]
SQL: SELECT `key`,`value` FROM `app2_setting`  [ RunTime:0.000227s ]
NOTIC: [2] unlink(E:\web\chao\project7\app20140315\Public\Runtime\Temp/71df8fced343b2a8ba67c00a47a67b50.php): No such file or directory E:\web\chao\project7\app20140315\Libs\ThinkPHP\Library\Think\Cache\Driver\File.class.php 第 157 行.
INFO: Run \Common\Behavior\SettingBehavior [ RunTime:0.020823s ]
INFO: [ app_begin ] --END-- [ RunTime:0.023131s ]
INFO: [ view_parse ] --START--
INFO: [ template_filter ] --START--
INFO: Run Behavior\ContentReplaceBehavior [ RunTime:0.000030s ]
INFO: [ template_filter ] --END-- [ RunTime:0.000074s ]
INFO: Run Behavior\ParseTemplateBehavior [ RunTime:0.005879s ]
INFO: [ view_parse ] --END-- [ RunTime:0.005937s ]
INFO: [ view_filter ] --START--
INFO: Run Behavior\WriteHtmlCacheBehavior [ RunTime:0.001442s ]
INFO: [ view_filter ] --END-- [ RunTime:0.001491s ]
INFO: [ app_end ] --START--
INFO: Run Behavior\ShowPageTraceBehavior [ RunTime:0.001428s ]
INFO: [ app_end ] --END-- [ RunTime:0.001471s ]

[ 2018-04-10T21:22:14+08:00 ] 127.0.0.1 /project7/app20140315/index.php?m=admin&c=content&a=public_right
INFO: [ app_begin ] --START--
INFO: Run Behavior\ReadHtmlCacheBehavior [ RunTime:0.001043s ]
SQL: SHOW COLUMNS FROM `app2_setting` [ RunTime:0.002959s ]
SQL: SELECT `key`,`value` FROM `app2_setting`  [ RunTime:0.000196s ]
NOTIC: [2] unlink(E:\web\chao\project7\app20140315\Public\Runtime\Temp/71df8fced343b2a8ba67c00a47a67b50.php): No such file or directory E:\web\chao\project7\app20140315\Libs\ThinkPHP\Library\Think\Cache\Driver\File.class.php 第 157 行.
INFO: Run \Common\Behavior\SettingBehavior [ RunTime:0.015361s ]
INFO: [ app_begin ] --END-- [ RunTime:0.016948s ]
SQL: SHOW COLUMNS FROM `app2_category` [ RunTime:0.005135s ]
SQL: SELECT catid as id,`catname` as `text`,`type`,`url` FROM `app2_category` WHERE ( `parentid` = 0 ) AND ( `ismenu` = 1 ) AND ( `type` <> 2 ) ORDER BY `listorder` ASC,`id` DESC  [ RunTime:0.000294s ]

[ 2018-04-10T21:22:14+08:00 ] 127.0.0.1 /project7/app20140315/index.php?m=admin&c=content&a=public_right
INFO: [ app_begin ] --START--
INFO: Run Behavior\ReadHtmlCacheBehavior [ RunTime:0.000893s ]
SQL: SHOW COLUMNS FROM `app2_setting` [ RunTime:0.003111s ]
SQL: SELECT `key`,`value` FROM `app2_setting`  [ RunTime:0.001281s ]
NOTIC: [2] unlink(E:\web\chao\project7\app20140315\Public\Runtime\Temp/71df8fced343b2a8ba67c00a47a67b50.php): No such file or directory E:\web\chao\project7\app20140315\Libs\ThinkPHP\Library\Think\Cache\Driver\File.class.php 第 157 行.
INFO: Run \Common\Behavior\SettingBehavior [ RunTime:0.026674s ]
INFO: [ app_begin ] --END-- [ RunTime:0.028119s ]
SQL: SHOW COLUMNS FROM `app2_category` [ RunTime:0.003133s ]
SQL: SELECT catid as id,`catname` as `text`,`type`,`url` FROM `app2_category` WHERE ( `parentid` = 0 ) AND ( `ismenu` = 1 ) AND ( `type` <> 2 ) ORDER BY `listorder` ASC,`id` DESC  [ RunTime:0.000287s ]

[ 2018-04-10T21:22:15+08:00 ] 127.0.0.1 /project7/app20140315/index.php?m=admin&c=category&a=categorylist&menuid=36&_=1523366535398
INFO: [ app_begin ] --START--
INFO: Run Behavior\ReadHtmlCacheBehavior [ RunTime:0.000817s ]
SQL: SHOW COLUMNS FROM `app2_setting` [ RunTime:0.002643s ]
SQL: SELECT `key`,`value` FROM `app2_setting`  [ RunTime:0.000234s ]
NOTIC: [2] unlink(E:\web\chao\project7\app20140315\Public\Runtime\Temp/71df8fced343b2a8ba67c00a47a67b50.php): No such file or directory E:\web\chao\project7\app20140315\Libs\ThinkPHP\Library\Think\Cache\Driver\File.class.php 第 157 行.
INFO: Run \Common\Behavior\SettingBehavior [ RunTime:0.015007s ]
INFO: [ app_begin ] --END-- [ RunTime:0.016360s ]
SQL: SHOW COLUMNS FROM `app2_menu` [ RunTime:0.004530s ]
SQL: SELECT * FROM `app2_menu` WHERE ( `id` = 36 ) LIMIT 1   [ RunTime:0.000310s ]
SQL: SELECT * FROM `app2_menu` WHERE ( `id` = 34 ) LIMIT 1   [ RunTime:0.000268s ]
SQL: SELECT * FROM `app2_menu` WHERE ( `id` = 3 ) LIMIT 1   [ RunTime:0.000248s ]
INFO: [ view_parse ] --START--
INFO: [ template_filter ] --START--
INFO: Run Behavior\ContentReplaceBehavior [ RunTime:0.000054s ]
INFO: [ template_filter ] --END-- [ RunTime:0.000091s ]
INFO: Run Behavior\ParseTemplateBehavior [ RunTime:0.009432s ]
INFO: [ view_parse ] --END-- [ RunTime:0.009473s ]
INFO: [ view_filter ] --START--
INFO: Run Behavior\WriteHtmlCacheBehavior [ RunTime:0.000755s ]
INFO: [ view_filter ] --END-- [ RunTime:0.000782s ]
INFO: [ app_end ] --START--
INFO: Run Behavior\ShowPageTraceBehavior [ RunTime:0.000892s ]
INFO: [ app_end ] --END-- [ RunTime:0.000923s ]

[ 2018-04-10T21:22:15+08:00 ] 127.0.0.1 /project7/app20140315/index.php?m=admin&c=category&a=categorylist&grid=treegrid
INFO: [ app_begin ] --START--
INFO: Run Behavior\ReadHtmlCacheBehavior [ RunTime:0.001401s ]
SQL: SHOW COLUMNS FROM `app2_setting` [ RunTime:0.002999s ]
SQL: SELECT `key`,`value` FROM `app2_setting`  [ RunTime:0.000272s ]
NOTIC: [2] unlink(E:\web\chao\project7\app20140315\Public\Runtime\Temp/71df8fced343b2a8ba67c00a47a67b50.php): No such file or directory E:\web\chao\project7\app20140315\Libs\ThinkPHP\Library\Think\Cache\Driver\File.class.php 第 157 行.
INFO: Run \Common\Behavior\SettingBehavior [ RunTime:0.013604s ]
INFO: [ app_begin ] --END-- [ RunTime:0.015622s ]
SQL: SHOW COLUMNS FROM `app2_category` [ RunTime:0.004903s ]
SQL: SELECT `catid`,`catname`,`type`,`description`,`ismenu`,`listorder`,`catid` as `operateid` FROM `app2_category` WHERE ( `parentid` = 0 ) ORDER BY `listorder` ASC,`catid` DESC  [ RunTime:0.000286s ]

[ 2018-04-10T21:22:17+08:00 ] 127.0.0.1 /project7/app20140315/index.php?m=admin&c=content&a=index&menuid=35&_=1523366537226
INFO: [ app_begin ] --START--
INFO: Run Behavior\ReadHtmlCacheBehavior [ RunTime:0.000892s ]
SQL: SHOW COLUMNS FROM `app2_setting` [ RunTime:0.002816s ]
SQL: SELECT `key`,`value` FROM `app2_setting`  [ RunTime:0.000210s ]
NOTIC: [2] unlink(E:\web\chao\project7\app20140315\Public\Runtime\Temp/71df8fced343b2a8ba67c00a47a67b50.php): No such file or directory E:\web\chao\project7\app20140315\Libs\ThinkPHP\Library\Think\Cache\Driver\File.class.php 第 157 行.
INFO: Run \Common\Behavior\SettingBehavior [ RunTime:0.017686s ]
INFO: [ app_begin ] --END-- [ RunTime:0.019127s ]
SQL: SHOW COLUMNS FROM `app2_menu` [ RunTime:0.002707s ]
SQL: SELECT * FROM `app2_menu` WHERE ( `id` = 35 ) LIMIT 1   [ RunTime:0.000323s ]
SQL: SELECT * FROM `app2_menu` WHERE ( `id` = 34 ) LIMIT 1   [ RunTime:0.000451s ]
SQL: SELECT * FROM `app2_menu` WHERE ( `id` = 3 ) LIMIT 1   [ RunTime:0.000438s ]
NOTIC: [8] Use of undefined constant currentpos - assumed 'currentpos' E:\web\chao\project7\app20140315\App\Admin\Controller\ContentController.class.php 第 47 行.
INFO: [ view_parse ] --START--
INFO: [ template_filter ] --START--
INFO: Run Behavior\ContentReplaceBehavior [ RunTime:0.000035s ]
INFO: [ template_filter ] --END-- [ RunTime:0.000071s ]
INFO: Run Behavior\ParseTemplateBehavior [ RunTime:0.006451s ]
INFO: [ view_parse ] --END-- [ RunTime:0.006490s ]
INFO: [ view_filter ] --START--
INFO: Run Behavior\WriteHtmlCacheBehavior [ RunTime:0.000763s ]
INFO: [ view_filter ] --END-- [ RunTime:0.000791s ]
INFO: [ app_end ] --START--
INFO: Run Behavior\ShowPageTraceBehavior [ RunTime:0.000896s ]
INFO: [ app_end ] --END-- [ RunTime:0.000926s ]

[ 2018-04-10T21:22:17+08:00 ] 127.0.0.1 /project7/app20140315/index.php?m=admin&c=content&a=public_welcome&_=1523366537298
INFO: [ app_begin ] --START--
INFO: Run Behavior\ReadHtmlCacheBehavior [ RunTime:0.001179s ]
SQL: SHOW COLUMNS FROM `app2_setting` [ RunTime:0.002861s ]
SQL: SELECT `key`,`value` FROM `app2_setting`  [ RunTime:0.000242s ]
NOTIC: [2] unlink(E:\web\chao\project7\app20140315\Public\Runtime\Temp/71df8fced343b2a8ba67c00a47a67b50.php): No such file or directory E:\web\chao\project7\app20140315\Libs\ThinkPHP\Library\Think\Cache\Driver\File.class.php 第 157 行.
INFO: Run \Common\Behavior\SettingBehavior [ RunTime:0.015156s ]
INFO: [ app_begin ] --END-- [ RunTime:0.017131s ]
INFO: [ view_parse ] --START--
INFO: Run Behavior\ParseTemplateBehavior [ RunTime:0.000748s ]
INFO: [ view_parse ] --END-- [ RunTime:0.000790s ]
INFO: [ view_filter ] --START--
INFO: Run Behavior\WriteHtmlCacheBehavior [ RunTime:0.000921s ]
INFO: [ view_filter ] --END-- [ RunTime:0.000949s ]
INFO: [ app_end ] --START--
INFO: Run Behavior\ShowPageTraceBehavior [ RunTime:0.001008s ]
INFO: [ app_end ] --END-- [ RunTime:0.001037s ]

[ 2018-04-10T21:22:17+08:00 ] 127.0.0.1 /project7/app20140315/index.php?m=admin&c=content&a=public_right&_=1523366537294
INFO: [ app_begin ] --START--
INFO: Run Behavior\ReadHtmlCacheBehavior [ RunTime:0.001193s ]
SQL: SHOW COLUMNS FROM `app2_setting` [ RunTime:0.005084s ]
SQL: SELECT `key`,`value` FROM `app2_setting`  [ RunTime:0.000253s ]
NOTIC: [2] unlink(E:\web\chao\project7\app20140315\Public\Runtime\Temp/71df8fced343b2a8ba67c00a47a67b50.php): No such file or directory E:\web\chao\project7\app20140315\Libs\ThinkPHP\Library\Think\Cache\Driver\File.class.php 第 157 行.
INFO: Run \Common\Behavior\SettingBehavior [ RunTime:0.028051s ]
INFO: [ app_begin ] --END-- [ RunTime:0.029802s ]
INFO: [ view_parse ] --START--
INFO: [ template_filter ] --START--
INFO: Run Behavior\ContentReplaceBehavior [ RunTime:0.000045s ]
INFO: [ template_filter ] --END-- [ RunTime:0.000107s ]
INFO: Run Behavior\ParseTemplateBehavior [ RunTime:0.006353s ]
INFO: [ view_parse ] --END-- [ RunTime:0.006390s ]
INFO: [ view_filter ] --START--
INFO: Run Behavior\WriteHtmlCacheBehavior [ RunTime:0.002421s ]
INFO: [ view_filter ] --END-- [ RunTime:0.002471s ]
INFO: [ app_end ] --START--
INFO: Run Behavior\ShowPageTraceBehavior [ RunTime:0.001164s ]
INFO: [ app_end ] --END-- [ RunTime:0.001204s ]

[ 2018-04-10T21:22:17+08:00 ] 127.0.0.1 /project7/app20140315/index.php?m=admin&c=content&a=public_right
INFO: [ app_begin ] --START--
INFO: Run Behavior\ReadHtmlCacheBehavior [ RunTime:0.001114s ]
SQL: SHOW COLUMNS FROM `app2_setting` [ RunTime:0.002633s ]
SQL: SELECT `key`,`value` FROM `app2_setting`  [ RunTime:0.000207s ]
NOTIC: [2] unlink(E:\web\chao\project7\app20140315\Public\Runtime\Temp/71df8fced343b2a8ba67c00a47a67b50.php): No such file or directory E:\web\chao\project7\app20140315\Libs\ThinkPHP\Library\Think\Cache\Driver\File.class.php 第 157 行.
INFO: Run \Common\Behavior\SettingBehavior [ RunTime:0.015796s ]
INFO: [ app_begin ] --END-- [ RunTime:0.017466s ]
SQL: SHOW COLUMNS FROM `app2_category` [ RunTime:0.003182s ]
SQL: SELECT catid as id,`catname` as `text`,`type`,`url` FROM `app2_category` WHERE ( `parentid` = 0 ) AND ( `ismenu` = 1 ) AND ( `type` <> 2 ) ORDER BY `listorder` ASC,`id` DESC  [ RunTime:0.000263s ]

[ 2018-04-10T21:22:17+08:00 ] 127.0.0.1 /project7/app20140315/index.php?m=admin&c=content&a=public_right
INFO: [ app_begin ] --START--
INFO: Run Behavior\ReadHtmlCacheBehavior [ RunTime:0.001186s ]
SQL: SHOW COLUMNS FROM `app2_setting` [ RunTime:0.002959s ]
SQL: SELECT `key`,`value` FROM `app2_setting`  [ RunTime:0.000279s ]
NOTIC: [2] unlink(E:\web\chao\project7\app20140315\Public\Runtime\Temp/71df8fced343b2a8ba67c00a47a67b50.php): No such file or directory E:\web\chao\project7\app20140315\Libs\ThinkPHP\Library\Think\Cache\Driver\File.class.php 第 157 行.
INFO: Run \Common\Behavior\SettingBehavior [ RunTime:0.025904s ]
INFO: [ app_begin ] --END-- [ RunTime:0.027631s ]
SQL: SHOW COLUMNS FROM `app2_category` [ RunTime:0.002787s ]
SQL: SELECT catid as id,`catname` as `text`,`type`,`url` FROM `app2_category` WHERE ( `parentid` = 0 ) AND ( `ismenu` = 1 ) AND ( `type` <> 2 ) ORDER BY `listorder` ASC,`id` DESC  [ RunTime:0.000234s ]

[ 2018-04-10T21:22:18+08:00 ] 127.0.0.1 /project7/app20140315/index.php?m=admin&c=index&a=public_menuleft
INFO: [ app_begin ] --START--
INFO: Run Behavior\ReadHtmlCacheBehavior [ RunTime:0.000925s ]
SQL: SHOW COLUMNS FROM `app2_setting` [ RunTime:0.002859s ]
SQL: SELECT `key`,`value` FROM `app2_setting`  [ RunTime:0.000231s ]
NOTIC: [2] unlink(E:\web\chao\project7\app20140315\Public\Runtime\Temp/71df8fced343b2a8ba67c00a47a67b50.php): No such file or directory E:\web\chao\project7\app20140315\Libs\ThinkPHP\Library\Think\Cache\Driver\File.class.php 第 157 行.
INFO: Run \Common\Behavior\SettingBehavior [ RunTime:0.023577s ]
INFO: [ app_begin ] --END-- [ RunTime:0.025142s ]
SQL: SHOW COLUMNS FROM `app2_menu` [ RunTime:0.011123s ]
SQL: SELECT * FROM `app2_menu` WHERE ( `parentid` = 4 ) AND ( `display` = 1 ) ORDER BY listorder ASC LIMIT 1000   [ RunTime:0.000343s ]
SQL: SELECT * FROM `app2_menu` WHERE ( `parentid` = 42 ) AND ( `display` = 1 ) ORDER BY listorder ASC LIMIT 1000   [ RunTime:0.000328s ]

[ 2018-04-10T21:27:57+08:00 ] 127.0.0.1 /project7/app20140315/index.php?m=admin&c=index&a=index
INFO: [ app_begin ] --START--
INFO: Run Behavior\ReadHtmlCacheBehavior [ RunTime:0.000561s ]
SQL: SHOW COLUMNS FROM `app2_setting` [ RunTime:0.003025s ]
SQL: SELECT `key`,`value` FROM `app2_setting`  [ RunTime:0.000218s ]
NOTIC: [2] unlink(E:\web\chao\project7\app20140315\Public\Runtime\Temp/71df8fced343b2a8ba67c00a47a67b50.php): No such file or directory E:\web\chao\project7\app20140315\Libs\ThinkPHP\Library\Think\Cache\Driver\File.class.php 第 157 行.
INFO: Run \Common\Behavior\SettingBehavior [ RunTime:0.020944s ]
INFO: [ app_begin ] --END-- [ RunTime:0.021940s ]
INFO: [ view_parse ] --START--
INFO: [ template_filter ] --START--
INFO: Run Behavior\ContentReplaceBehavior [ RunTime:0.000042s ]
INFO: [ template_filter ] --END-- [ RunTime:0.000084s ]
INFO: Run Behavior\ParseTemplateBehavior [ RunTime:0.007630s ]
INFO: [ view_parse ] --END-- [ RunTime:0.007678s ]
INFO: [ view_filter ] --START--
INFO: Run Behavior\WriteHtmlCacheBehavior [ RunTime:0.000706s ]
INFO: [ view_filter ] --END-- [ RunTime:0.000744s ]

[ 2018-04-10T21:27:58+08:00 ] 127.0.0.1 /project7/app20140315/index.php?m=admin&c=index&a=login
INFO: [ app_begin ] --START--
INFO: Run Behavior\ReadHtmlCacheBehavior [ RunTime:0.000788s ]
SQL: SHOW COLUMNS FROM `app2_setting` [ RunTime:0.005551s ]
SQL: SELECT `key`,`value` FROM `app2_setting`  [ RunTime:0.000288s ]
NOTIC: [2] unlink(E:\web\chao\project7\app20140315\Public\Runtime\Temp/71df8fced343b2a8ba67c00a47a67b50.php): No such file or directory E:\web\chao\project7\app20140315\Libs\ThinkPHP\Library\Think\Cache\Driver\File.class.php 第 157 行.
INFO: Run \Common\Behavior\SettingBehavior [ RunTime:0.027401s ]
INFO: [ app_begin ] --END-- [ RunTime:0.028739s ]
INFO: [ view_parse ] --START--
INFO: [ template_filter ] --START--
INFO: Run Behavior\ContentReplaceBehavior [ RunTime:0.000049s ]
INFO: [ template_filter ] --END-- [ RunTime:0.000080s ]
INFO: Run Behavior\ParseTemplateBehavior [ RunTime:0.006262s ]
INFO: [ view_parse ] --END-- [ RunTime:0.006307s ]
INFO: [ view_filter ] --START--
INFO: Run Behavior\WriteHtmlCacheBehavior [ RunTime:0.000670s ]
INFO: [ view_filter ] --END-- [ RunTime:0.000700s ]
INFO: [ app_end ] --START--
INFO: Run Behavior\ShowPageTraceBehavior [ RunTime:0.000839s ]
INFO: [ app_end ] --END-- [ RunTime:0.000870s ]

[ 2018-04-10T21:27:59+08:00 ] 127.0.0.1 /project7/app20140315/index.php?m=admin&c=index&a=code&code_len=4&font_size=14&width=100&height=28&code=1523366878
INFO: [ app_begin ] --START--
INFO: Run Behavior\ReadHtmlCacheBehavior [ RunTime:0.000903s ]
SQL: SHOW COLUMNS FROM `app2_setting` [ RunTime:0.002951s ]
SQL: SELECT `key`,`value` FROM `app2_setting`  [ RunTime:0.000305s ]
NOTIC: [2] unlink(E:\web\chao\project7\app20140315\Public\Runtime\Temp/71df8fced343b2a8ba67c00a47a67b50.php): No such file or directory E:\web\chao\project7\app20140315\Libs\ThinkPHP\Library\Think\Cache\Driver\File.class.php 第 157 行.
INFO: Run \Common\Behavior\SettingBehavior [ RunTime:0.014863s ]
INFO: [ app_begin ] --END-- [ RunTime:0.016342s ]
INFO: [ app_end ] --START--
INFO: Run Behavior\ShowPageTraceBehavior [ RunTime:0.000797s ]
INFO: [ app_end ] --END-- [ RunTime:0.000857s ]

[ 2018-04-10T21:28:11+08:00 ] 127.0.0.1 /project7/app20140315/index.php?m=admin&c=index&a=code&code_len=4&font_size=14&width=100&height=28&code=1523366878&0.30421749498561834
INFO: [ app_begin ] --START--
INFO: Run Behavior\ReadHtmlCacheBehavior [ RunTime:0.000620s ]
SQL: SHOW COLUMNS FROM `app2_setting` [ RunTime:0.003027s ]
SQL: SELECT `key`,`value` FROM `app2_setting`  [ RunTime:0.000229s ]
NOTIC: [2] unlink(E:\web\chao\project7\app20140315\Public\Runtime\Temp/71df8fced343b2a8ba67c00a47a67b50.php): No such file or directory E:\web\chao\project7\app20140315\Libs\ThinkPHP\Library\Think\Cache\Driver\File.class.php 第 157 行.
INFO: Run \Common\Behavior\SettingBehavior [ RunTime:0.012112s ]
INFO: [ app_begin ] --END-- [ RunTime:0.013227s ]
INFO: [ app_end ] --START--
INFO: Run Behavior\ShowPageTraceBehavior [ RunTime:0.000861s ]
INFO: [ app_end ] --END-- [ RunTime:0.000904s ]

[ 2018-04-10T21:28:15+08:00 ] 127.0.0.1 /project7/app20140315/index.php?m=admin&c=index&a=login&dosubmit=1
INFO: [ app_begin ] --START--
INFO: Run Behavior\ReadHtmlCacheBehavior [ RunTime:0.000582s ]
SQL: SHOW COLUMNS FROM `app2_setting` [ RunTime:0.002935s ]
SQL: SELECT `key`,`value` FROM `app2_setting`  [ RunTime:0.000216s ]
NOTIC: [2] unlink(E:\web\chao\project7\app20140315\Public\Runtime\Temp/71df8fced343b2a8ba67c00a47a67b50.php): No such file or directory E:\web\chao\project7\app20140315\Libs\ThinkPHP\Library\Think\Cache\Driver\File.class.php 第 157 行.
INFO: Run \Common\Behavior\SettingBehavior [ RunTime:0.011639s ]
INFO: [ app_begin ] --END-- [ RunTime:0.012703s ]
SQL: SHOW COLUMNS FROM `app2_admin` [ RunTime:0.006499s ]
SQL: SHOW COLUMNS FROM `app2_times` [ RunTime:0.003276s ]
SQL: SELECT * FROM `app2_admin` WHERE ( `username` = 'twp584' ) LIMIT 1   [ RunTime:0.000356s ]
SQL: SELECT * FROM `app2_times` WHERE ( `username` = 'twp584' ) AND ( `isadmin` = 1 ) LIMIT 1   [ RunTime:0.000252s ]
SQL: DELETE FROM `app2_times` WHERE ( `username` = 'twp584' ) [ RunTime:0.000243s ]
SQL: UPDATE `app2_admin` SET `lastloginip`='127.0.0.1',`lastlogintime`=1523366895 WHERE ( `userid` = 1 ) [ RunTime:0.000329s ]

[ 2018-04-10T21:28:15+08:00 ] 127.0.0.1 /project7/app20140315/index.php?m=admin&c=index&a=index
INFO: [ app_begin ] --START--
INFO: Run Behavior\ReadHtmlCacheBehavior [ RunTime:0.000598s ]
SQL: SHOW COLUMNS FROM `app2_setting` [ RunTime:0.003488s ]
SQL: SELECT `key`,`value` FROM `app2_setting`  [ RunTime:0.000219s ]
NOTIC: [2] unlink(E:\web\chao\project7\app20140315\Public\Runtime\Temp/71df8fced343b2a8ba67c00a47a67b50.php): No such file or directory E:\web\chao\project7\app20140315\Libs\ThinkPHP\Library\Think\Cache\Driver\File.class.php 第 157 行.
INFO: Run \Common\Behavior\SettingBehavior [ RunTime:0.026530s ]
INFO: [ app_begin ] --END-- [ RunTime:0.027622s ]
SQL: SHOW COLUMNS FROM `app2_admin` [ RunTime:0.003263s ]
SQL: SHOW COLUMNS FROM `app2_menu` [ RunTime:0.008153s ]
SQL: SHOW COLUMNS FROM `app2_admin_role` [ RunTime:0.006421s ]
SQL: SELECT `userid`,`username`,`roleid`,`encrypt`,`lastloginip`,`lastlogintime`,`email`,`realname` FROM `app2_admin` WHERE ( `userid` = 1 ) LIMIT 1   [ RunTime:0.000341s ]
SQL: SELECT `rolename` FROM `app2_admin_role` WHERE ( `roleid` = 1 ) LIMIT 1   [ RunTime:0.000244s ]
SQL: SELECT * FROM `app2_menu` WHERE ( `parentid` = 0 ) AND ( `display` = 1 ) ORDER BY listorder ASC LIMIT 1000   [ RunTime:0.000390s ]
INFO: [ view_parse ] --START--
INFO: [ template_filter ] --START--
INFO: Run Behavior\ContentReplaceBehavior [ RunTime:0.000064s ]
INFO: [ template_filter ] --END-- [ RunTime:0.000099s ]
INFO: Run Behavior\ParseTemplateBehavior [ RunTime:0.007851s ]
INFO: [ view_parse ] --END-- [ RunTime:0.007905s ]
INFO: [ view_filter ] --START--
INFO: Run Behavior\WriteHtmlCacheBehavior [ RunTime:0.000685s ]
INFO: [ view_filter ] --END-- [ RunTime:0.000714s ]
INFO: [ app_end ] --START--
INFO: Run Behavior\ShowPageTraceBehavior [ RunTime:0.000847s ]
INFO: [ app_end ] --END-- [ RunTime:0.000886s ]

[ 2018-04-10T21:28:15+08:00 ] 127.0.0.1 /project7/app20140315/index.php?m=admin&c=index&a=public_main&_=1523366895324
INFO: [ app_begin ] --START--
INFO: Run Behavior\ReadHtmlCacheBehavior [ RunTime:0.000623s ]
SQL: SHOW COLUMNS FROM `app2_setting` [ RunTime:0.006410s ]
SQL: SELECT `key`,`value` FROM `app2_setting`  [ RunTime:0.000288s ]
NOTIC: [2] unlink(E:\web\chao\project7\app20140315\Public\Runtime\Temp/71df8fced343b2a8ba67c00a47a67b50.php): No such file or directory E:\web\chao\project7\app20140315\Libs\ThinkPHP\Library\Think\Cache\Driver\File.class.php 第 157 行.
INFO: Run \Common\Behavior\SettingBehavior [ RunTime:0.017011s ]
INFO: [ app_begin ] --END-- [ RunTime:0.018126s ]
SQL: SHOW COLUMNS FROM `app2_admin` [ RunTime:0.004482s ]
SQL: SHOW COLUMNS FROM `app2_admin_role` [ RunTime:0.003699s ]
SQL: SELECT `userid`,`username`,`roleid`,`encrypt`,`lastloginip`,`lastlogintime`,`email`,`realname` FROM `app2_admin` WHERE ( `userid` = 1 ) LIMIT 1   [ RunTime:0.000335s ]
SQL: SELECT `rolename` FROM `app2_admin_role` WHERE ( `roleid` = 1 ) LIMIT 1   [ RunTime:0.000213s ]
NOTIC: [8192] Non-static method Admin\Common\Sysinfo::getinfo() should not be called statically, assuming $this from incompatible context E:\web\chao\project7\app20140315\App\Admin\Controller\IndexController.class.php 第 111 行.
NOTIC: [8192] Non-static method Admin\Common\Sysinfo::sys_windows() should not be called statically, assuming $this from incompatible context E:\web\chao\project7\app20140315\App\Admin\Common\Sysinfo.class.php 第 19 行.
NOTIC: [8] Undefined index: memUsed E:\web\chao\project7\app20140315\App\Admin\Common\Sysinfo.class.php 第 25 行.
NOTIC: [8] Undefined index: memFree E:\web\chao\project7\app20140315\App\Admin\Common\Sysinfo.class.php 第 25 行.
NOTIC: [8] Undefined index: memPercent E:\web\chao\project7\app20140315\App\Admin\Common\Sysinfo.class.php 第 25 行.
NOTIC: [8] Undefined index: memCached E:\web\chao\project7\app20140315\App\Admin\Common\Sysinfo.class.php 第 25 行.
NOTIC: [8] Undefined index: memRealPercent E:\web\chao\project7\app20140315\App\Admin\Common\Sysinfo.class.php 第 25 行.
NOTIC: [8] Undefined index: memCachedPercent E:\web\chao\project7\app20140315\App\Admin\Common\Sysinfo.class.php 第 25 行.
NOTIC: [8] Undefined index: swapTotal E:\web\chao\project7\app20140315\App\Admin\Common\Sysinfo.class.php 第 25 行.
NOTIC: [8] Undefined index: swapUsed E:\web\chao\project7\app20140315\App\Admin\Common\Sysinfo.class.php 第 25 行.
NOTIC: [8] Undefined index: swapFree E:\web\chao\project7\app20140315\App\Admin\Common\Sysinfo.class.php 第 25 行.
NOTIC: [8] Undefined index: swapPercent E:\web\chao\project7\app20140315\App\Admin\Common\Sysinfo.class.php 第 25 行.
NOTIC: [2] file(/proc/net/dev): failed to open stream: No such file or directory E:\web\chao\project7\app20140315\App\Admin\Common\Sysinfo.class.php 第 33 行.
NOTIC: [8] Undefined index: memBuffers E:\web\chao\project7\app20140315\App\Admin\Common\Sysinfo.class.php 第 53 行.
NOTIC: [8] Undefined index: memRealUsed E:\web\chao\project7\app20140315\App\Admin\Common\Sysinfo.class.php 第 58 行.
NOTIC: [8] Undefined index: memRealFree E:\web\chao\project7\app20140315\App\Admin\Common\Sysinfo.class.php 第 59 行.
NOTIC: [8] Undefined offset: 2 E:\web\chao\project7\app20140315\App\Admin\Common\Sysinfo.class.php 第 82 行.
NOTIC: [8] Undefined offset: 3 E:\web\chao\project7\app20140315\App\Admin\Common\Sysinfo.class.php 第 83 行.
NOTIC: [8] Undefined offset: 4 E:\web\chao\project7\app20140315\App\Admin\Common\Sysinfo.class.php 第 84 行.
NOTIC: [8] Undefined offset: 5 E:\web\chao\project7\app20140315\App\Admin\Common\Sysinfo.class.php 第 85 行.
NOTIC: [8] Undefined offset: 6 E:\web\chao\project7\app20140315\App\Admin\Common\Sysinfo.class.php 第 86 行.
NOTIC: [8] Undefined offset: 7 E:\web\chao\project7\app20140315\App\Admin\Common\Sysinfo.class.php 第 87 行.
NOTIC: [8] Undefined offset: 8 E:\web\chao\project7\app20140315\App\Admin\Common\Sysinfo.class.php 第 88 行.
NOTIC: [8] Undefined offset: 9 E:\web\chao\project7\app20140315\App\Admin\Common\Sysinfo.class.php 第 89 行.
NOTIC: [8] Undefined offset: 10 E:\web\chao\project7\app20140315\App\Admin\Common\Sysinfo.class.php 第 90 行.
NOTIC: [8] Undefined variable: NetInput E:\web\chao\project7\app20140315\App\Admin\Common\Sysinfo.class.php 第 91 行.
NOTIC: [8] Undefined variable: NetInput E:\web\chao\project7\app20140315\App\Admin\Common\Sysinfo.class.php 第 92 行.
NOTIC: [8] Undefined variable: NetInput E:\web\chao\project7\app20140315\App\Admin\Common\Sysinfo.class.php 第 93 行.
NOTIC: [8] Undefined variable: NetInput E:\web\chao\project7\app20140315\App\Admin\Common\Sysinfo.class.php 第 94 行.
NOTIC: [8] Undefined variable: NetInput E:\web\chao\project7\app20140315\App\Admin\Common\Sysinfo.class.php 第 95 行.
NOTIC: [8] Undefined variable: NetInput E:\web\chao\project7\app20140315\App\Admin\Common\Sysinfo.class.php 第 96 行.
NOTIC: [8] Undefined variable: NetInput E:\web\chao\project7\app20140315\App\Admin\Common\Sysinfo.class.php 第 97 行.
NOTIC: [8] Undefined variable: NetInput E:\web\chao\project7\app20140315\App\Admin\Common\Sysinfo.class.php 第 98 行.
NOTIC: [8] Undefined variable: NetInput E:\web\chao\project7\app20140315\App\Admin\Common\Sysinfo.class.php 第 99 行.
INFO: [ view_parse ] --START--
INFO: [ template_filter ] --START--
INFO: Run Behavior\ContentReplaceBehavior [ RunTime:0.000374s ]
INFO: [ template_filter ] --END-- [ RunTime:0.000848s ]
NOTIC: [8] Undefined index: win_n E:\web\chao\project7\app20140315\Public\Runtime\Cache\Admin\4be466b41029e9dcf16a54f1646a67f4.php 第 49 行.
INFO: Run Behavior\ParseTemplateBehavior [ RunTime:0.037076s ]
INFO: [ view_parse ] --END-- [ RunTime:0.037129s ]
INFO: [ view_filter ] --START--
INFO: Run Behavior\WriteHtmlCacheBehavior [ RunTime:0.002338s ]
INFO: [ view_filter ] --END-- [ RunTime:0.002366s ]
INFO: [ app_end ] --START--
INFO: Run Behavior\ShowPageTraceBehavior [ RunTime:0.002376s ]
INFO: [ app_end ] --END-- [ RunTime:0.002405s ]

[ 2018-04-10T21:28:15+08:00 ] 127.0.0.1 /project7/app20140315/index.php?m=admin&c=index&a=public_menuleft
INFO: [ app_begin ] --START--
INFO: Run Behavior\ReadHtmlCacheBehavior [ RunTime:0.001062s ]
SQL: SHOW COLUMNS FROM `app2_setting` [ RunTime:0.003171s ]
SQL: SELECT `key`,`value` FROM `app2_setting`  [ RunTime:0.000481s ]
NOTIC: [2] unlink(E:\web\chao\project7\app20140315\Public\Runtime\Temp/71df8fced343b2a8ba67c00a47a67b50.php): No such file or directory E:\web\chao\project7\app20140315\Libs\ThinkPHP\Library\Think\Cache\Driver\File.class.php 第 157 行.
INFO: Run \Common\Behavior\SettingBehavior [ RunTime:0.015679s ]
INFO: [ app_begin ] --END-- [ RunTime:0.017573s ]
SQL: SHOW COLUMNS FROM `app2_menu` [ RunTime:0.002992s ]
SQL: SELECT * FROM `app2_menu` WHERE ( `parentid` = 1 ) AND ( `display` = 1 ) ORDER BY listorder ASC LIMIT 1000   [ RunTime:0.000345s ]
SQL: SELECT * FROM `app2_menu` WHERE ( `parentid` = 6 ) AND ( `display` = 1 ) ORDER BY listorder ASC LIMIT 1000   [ RunTime:0.000272s ]

[ 2018-04-10T21:28:17+08:00 ] 127.0.0.1 /project7/app20140315/index.php?m=admin&c=index&a=public_menuleft
INFO: [ app_begin ] --START--
INFO: Run Behavior\ReadHtmlCacheBehavior [ RunTime:0.002553s ]
SQL: SHOW COLUMNS FROM `app2_setting` [ RunTime:0.003401s ]
SQL: SELECT `key`,`value` FROM `app2_setting`  [ RunTime:0.000214s ]
NOTIC: [2] unlink(E:\web\chao\project7\app20140315\Public\Runtime\Temp/71df8fced343b2a8ba67c00a47a67b50.php): No such file or directory E:\web\chao\project7\app20140315\Libs\ThinkPHP\Library\Think\Cache\Driver\File.class.php 第 157 行.
INFO: Run \Common\Behavior\SettingBehavior [ RunTime:0.031717s ]
INFO: [ app_begin ] --END-- [ RunTime:0.035361s ]
SQL: SHOW COLUMNS FROM `app2_menu` [ RunTime:0.002757s ]
SQL: SELECT * FROM `app2_menu` WHERE ( `parentid` = 2 ) AND ( `display` = 1 ) ORDER BY listorder ASC LIMIT 1000   [ RunTime:0.000350s ]
SQL: SELECT * FROM `app2_menu` WHERE ( `parentid` = 9 ) AND ( `display` = 1 ) ORDER BY listorder ASC LIMIT 1000   [ RunTime:0.000283s ]
SQL: SELECT * FROM `app2_menu` WHERE ( `parentid` = 11 ) AND ( `display` = 1 ) ORDER BY listorder ASC LIMIT 1000   [ RunTime:0.000282s ]

[ 2018-04-10T21:28:18+08:00 ] 127.0.0.1 /project7/app20140315/index.php?m=admin&c=index&a=public_menuleft
INFO: [ app_begin ] --START--
INFO: Run Behavior\ReadHtmlCacheBehavior [ RunTime:0.002508s ]
SQL: SHOW COLUMNS FROM `app2_setting` [ RunTime:0.002773s ]
SQL: SELECT `key`,`value` FROM `app2_setting`  [ RunTime:0.000191s ]
NOTIC: [2] unlink(E:\web\chao\project7\app20140315\Public\Runtime\Temp/71df8fced343b2a8ba67c00a47a67b50.php): No such file or directory E:\web\chao\project7\app20140315\Libs\ThinkPHP\Library\Think\Cache\Driver\File.class.php 第 157 行.
INFO: Run \Common\Behavior\SettingBehavior [ RunTime:0.031136s ]
INFO: [ app_begin ] --END-- [ RunTime:0.034599s ]
SQL: SHOW COLUMNS FROM `app2_menu` [ RunTime:0.002843s ]
SQL: SELECT * FROM `app2_menu` WHERE ( `parentid` = 3 ) AND ( `display` = 1 ) ORDER BY listorder ASC LIMIT 1000   [ RunTime:0.000466s ]
SQL: SELECT * FROM `app2_menu` WHERE ( `parentid` = 34 ) AND ( `display` = 1 ) ORDER BY listorder ASC LIMIT 1000   [ RunTime:0.000396s ]

[ 2018-04-10T21:28:19+08:00 ] 127.0.0.1 /project7/app20140315/index.php?m=admin&c=index&a=public_menuleft
INFO: [ app_begin ] --START--
INFO: Run Behavior\ReadHtmlCacheBehavior [ RunTime:0.002445s ]
SQL: SHOW COLUMNS FROM `app2_setting` [ RunTime:0.003147s ]
SQL: SELECT `key`,`value` FROM `app2_setting`  [ RunTime:0.000242s ]
NOTIC: [2] unlink(E:\web\chao\project7\app20140315\Public\Runtime\Temp/71df8fced343b2a8ba67c00a47a67b50.php): No such file or directory E:\web\chao\project7\app20140315\Libs\ThinkPHP\Library\Think\Cache\Driver\File.class.php 第 157 行.
INFO: Run \Common\Behavior\SettingBehavior [ RunTime:0.031971s ]
INFO: [ app_begin ] --END-- [ RunTime:0.035438s ]
SQL: SHOW COLUMNS FROM `app2_menu` [ RunTime:0.003796s ]
SQL: SELECT * FROM `app2_menu` WHERE ( `parentid` = 4 ) AND ( `display` = 1 ) ORDER BY listorder ASC LIMIT 1000   [ RunTime:0.000347s ]
SQL: SELECT * FROM `app2_menu` WHERE ( `parentid` = 42 ) AND ( `display` = 1 ) ORDER BY listorder ASC LIMIT 1000   [ RunTime:0.000273s ]

[ 2018-04-10T21:28:19+08:00 ] 127.0.0.1 /project7/app20140315/index.php?m=admin&c=index&a=public_menuleft
INFO: [ app_begin ] --START--
INFO: Run Behavior\ReadHtmlCacheBehavior [ RunTime:0.002784s ]
SQL: SHOW COLUMNS FROM `app2_setting` [ RunTime:0.002867s ]
SQL: SELECT `key`,`value` FROM `app2_setting`  [ RunTime:0.000236s ]
NOTIC: [2] unlink(E:\web\chao\project7\app20140315\Public\Runtime\Temp/71df8fced343b2a8ba67c00a47a67b50.php): No such file or directory E:\web\chao\project7\app20140315\Libs\ThinkPHP\Library\Think\Cache\Driver\File.class.php 第 157 行.
INFO: Run \Common\Behavior\SettingBehavior [ RunTime:0.030567s ]
INFO: [ app_begin ] --END-- [ RunTime:0.034320s ]
SQL: SHOW COLUMNS FROM `app2_menu` [ RunTime:0.002988s ]
SQL: SELECT * FROM `app2_menu` WHERE ( `parentid` = 5 ) AND ( `display` = 1 ) ORDER BY listorder ASC LIMIT 1000   [ RunTime:0.000376s ]
SQL: SELECT * FROM `app2_menu` WHERE ( `parentid` = 14 ) AND ( `display` = 1 ) ORDER BY listorder ASC LIMIT 1000   [ RunTime:0.000307s ]

[ 2018-04-10T21:28:27+08:00 ] 127.0.0.1 /project7/app20140315/index.php?m=admin&c=index&a=public_menuleft
INFO: [ app_begin ] --START--
INFO: Run Behavior\ReadHtmlCacheBehavior [ RunTime:0.002758s ]
SQL: SHOW COLUMNS FROM `app2_setting` [ RunTime:0.002937s ]
SQL: SELECT `key`,`value` FROM `app2_setting`  [ RunTime:0.000213s ]
NOTIC: [2] unlink(E:\web\chao\project7\app20140315\Public\Runtime\Temp/71df8fced343b2a8ba67c00a47a67b50.php): No such file or directory E:\web\chao\project7\app20140315\Libs\ThinkPHP\Library\Think\Cache\Driver\File.class.php 第 157 行.
INFO: Run \Common\Behavior\SettingBehavior [ RunTime:0.021581s ]
INFO: [ app_begin ] --END-- [ RunTime:0.026542s ]
SQL: SHOW COLUMNS FROM `app2_menu` [ RunTime:0.003404s ]
SQL: SELECT * FROM `app2_menu` WHERE ( `parentid` = 2 ) AND ( `display` = 1 ) ORDER BY listorder ASC LIMIT 1000   [ RunTime:0.000398s ]
SQL: SELECT * FROM `app2_menu` WHERE ( `parentid` = 9 ) AND ( `display` = 1 ) ORDER BY listorder ASC LIMIT 1000   [ RunTime:0.000308s ]
SQL: SELECT * FROM `app2_menu` WHERE ( `parentid` = 11 ) AND ( `display` = 1 ) ORDER BY listorder ASC LIMIT 1000   [ RunTime:0.000281s ]

[ 2018-04-10T21:28:28+08:00 ] 127.0.0.1 /project7/app20140315/index.php?m=admin&c=index&a=public_menuleft
INFO: [ app_begin ] --START--
INFO: Run Behavior\ReadHtmlCacheBehavior [ RunTime:0.002880s ]
SQL: SHOW COLUMNS FROM `app2_setting` [ RunTime:0.002879s ]
SQL: SELECT `key`,`value` FROM `app2_setting`  [ RunTime:0.000215s ]
NOTIC: [2] unlink(E:\web\chao\project7\app20140315\Public\Runtime\Temp/71df8fced343b2a8ba67c00a47a67b50.php): No such file or directory E:\web\chao\project7\app20140315\Libs\ThinkPHP\Library\Think\Cache\Driver\File.class.php 第 157 行.
INFO: Run \Common\Behavior\SettingBehavior [ RunTime:0.021102s ]
INFO: [ app_begin ] --END-- [ RunTime:0.024907s ]
SQL: SHOW COLUMNS FROM `app2_menu` [ RunTime:0.002974s ]
SQL: SELECT * FROM `app2_menu` WHERE ( `parentid` = 1 ) AND ( `display` = 1 ) ORDER BY listorder ASC LIMIT 1000   [ RunTime:0.000399s ]
SQL: SELECT * FROM `app2_menu` WHERE ( `parentid` = 6 ) AND ( `display` = 1 ) ORDER BY listorder ASC LIMIT 1000   [ RunTime:0.000358s ]

[ 2018-04-10T21:28:30+08:00 ] 127.0.0.1 /project7/app20140315/index.php?m=admin&c=index&a=public_menuleft
INFO: [ app_begin ] --START--
INFO: Run Behavior\ReadHtmlCacheBehavior [ RunTime:0.002505s ]
SQL: SHOW COLUMNS FROM `app2_setting` [ RunTime:0.002862s ]
SQL: SELECT `key`,`value` FROM `app2_setting`  [ RunTime:0.000228s ]
NOTIC: [2] unlink(E:\web\chao\project7\app20140315\Public\Runtime\Temp/71df8fced343b2a8ba67c00a47a67b50.php): No such file or directory E:\web\chao\project7\app20140315\Libs\ThinkPHP\Library\Think\Cache\Driver\File.class.php 第 157 行.
INFO: Run \Common\Behavior\SettingBehavior [ RunTime:0.022965s ]
INFO: [ app_begin ] --END-- [ RunTime:0.026446s ]
SQL: SHOW COLUMNS FROM `app2_menu` [ RunTime:0.003081s ]
SQL: SELECT * FROM `app2_menu` WHERE ( `parentid` = 5 ) AND ( `display` = 1 ) ORDER BY listorder ASC LIMIT 1000   [ RunTime:0.000547s ]
SQL: SELECT * FROM `app2_menu` WHERE ( `parentid` = 14 ) AND ( `display` = 1 ) ORDER BY listorder ASC LIMIT 1000   [ RunTime:0.000378s ]

